#
# There is insufficient memory for the Java Runtime Environment to continue.
# Native memory allocation (malloc) failed to allocate 1059216 bytes for Chunk::new
# Possible reasons:
#   The system is out of physical RAM or swap space
#   The process is running with CompressedOops enabled, and the Java Heap may be blocking the growth of the native heap
# Possible solutions:
#   Reduce memory load on the system
#   Increase physical memory or swap space
#   Check if swap backing store is full
#   Decrease Java heap size (-Xmx/-Xms)
#   Decrease number of Java threads
#   Decrease Java thread stack sizes (-Xss)
#   Set larger code cache with -XX:ReservedCodeCacheSize=
#   JVM is running with Unscaled Compressed Oops mode in which the Java heap is
#     placed in the first 4GB address space. The Java Heap base address is the
#     maximum limit for the native heap growth. Please use -XX:HeapBaseMinAddress
#     to set the Java Heap base and to place the Java Heap above 4GB virtual address.
# This output file may be truncated or incomplete.
#
#  Out of Memory Error (allocation.cpp:389), pid=7868, tid=0x0000000000002548
#
# JRE version: OpenJDK Runtime Environment (8.0_242-b01) (build 1.8.0_242-release-1644-b01)
# Java VM: OpenJDK 64-Bit Server VM (25.242-b01 mixed mode windows-amd64 compressed oops)
# Failed to write core dump. Minidumps are not enabled by default on client versions of Windows
#

---------------  T H R E A D  ---------------

Current thread (0x00000000156fd800):  JavaThread "C2 CompilerThread1" daemon [_thread_in_native, id=9544, stack(0x0000000016e40000,0x0000000016f40000)]

Stack: [0x0000000016e40000,0x0000000016f40000]
[error occurred during error reporting (printing stack bounds), id 0xc0000005]

Native frames: (J=compiled Java code, j=interpreted, Vv=VM code, C=native code)


Current CompileTask:
C2:  14467 3031       4       org.objectweb.asm.Frame::execute (2318 bytes)


---------------  P R O C E S S  ---------------

Java Threads: ( => current thread )
  0x0000000018a6c000 JavaThread "Cache worker for Build Output Cleanup Cache (E:\APP\Flutter_app\CF_ChatApp\.gradle\buildOutputCleanup)" [_thread_new, id=6668, stack(0x0000000000000000,0x0000000000000000)]
  0x0000000019480000 JavaThread "Cache worker for file content cache (C:\Users\peter\.gradle\wrapper\dists\gradle-5.6.2-all\caches\6.5\fileContent)" [_thread_blocked, id=12620, stack(0x0000000020d60000,0x0000000020e60000)]
  0x000000001947e000 JavaThread "Cache worker for execution history cache (C:\Users\peter\.gradle\wrapper\dists\gradle-5.6.2-all\caches\6.5\executionHistory)" [_thread_blocked, id=12692, stack(0x0000000020860000,0x0000000020960000)]
  0x000000001947d000 JavaThread "Cache worker for cache directory md-rule (C:\Users\peter\.gradle\wrapper\dists\gradle-5.6.2-all\caches\6.5\md-rule)" [_thread_blocked, id=2968, stack(0x0000000020560000,0x0000000020660000)]
  0x000000001947b800 JavaThread "Cache worker for cache directory md-supplier (C:\Users\peter\.gradle\wrapper\dists\gradle-5.6.2-all\caches\6.5\md-supplier)" [_thread_blocked, id=11712, stack(0x0000000020460000,0x0000000020560000)]
  0x000000001947e800 JavaThread "Cache worker for checksums cache (E:\APP\Flutter_app\CF_ChatApp\.gradle\checksums)" [_thread_blocked, id=9600, stack(0x0000000020360000,0x0000000020460000)]
  0x0000000019481800 JavaThread "jar transforms Thread 20" [_thread_blocked, id=10492, stack(0x000000001ff60000,0x0000000020060000)]
  0x000000001947c800 JavaThread "jar transforms Thread 19" [_thread_blocked, id=12912, stack(0x000000001fe60000,0x000000001ff60000)]
  0x0000000019474000 JavaThread "jar transforms Thread 18" [_thread_blocked, id=3996, stack(0x000000001fd60000,0x000000001fe60000)]
  0x000000001947b000 JavaThread "jar transforms Thread 17" [_thread_blocked, id=11836, stack(0x000000001fc60000,0x000000001fd60000)]
  0x0000000019473000 JavaThread "jar transforms Thread 16" [_thread_blocked, id=10852, stack(0x000000001fb60000,0x000000001fc60000)]
  0x0000000019479800 JavaThread "jar transforms Thread 15" [_thread_blocked, id=9684, stack(0x000000001fa60000,0x000000001fb60000)]
  0x0000000019476800 JavaThread "jar transforms Thread 14" [_thread_blocked, id=12340, stack(0x000000001f960000,0x000000001fa60000)]
  0x0000000019475800 JavaThread "jar transforms Thread 13" [_thread_blocked, id=12876, stack(0x000000001f860000,0x000000001f960000)]
  0x0000000019475000 JavaThread "jar transforms Thread 12" [_thread_blocked, id=12656, stack(0x000000001f760000,0x000000001f860000)]
  0x000000001947a000 JavaThread "jar transforms Thread 11" [_thread_blocked, id=12900, stack(0x000000001f660000,0x000000001f760000)]
  0x0000000019478800 JavaThread "jar transforms Thread 10" [_thread_blocked, id=13048, stack(0x000000001f560000,0x000000001f660000)]
  0x0000000019478000 JavaThread "jar transforms Thread 9" [_thread_blocked, id=13032, stack(0x000000001f460000,0x000000001f560000)]
  0x0000000019477000 JavaThread "jar transforms Thread 8" [_thread_blocked, id=1304, stack(0x000000001f360000,0x000000001f460000)]
  0x0000000019472800 JavaThread "jar transforms Thread 7" [_thread_blocked, id=2996, stack(0x000000001f060000,0x000000001f160000)]
  0x0000000015707800 JavaThread "jar transforms Thread 6" [_thread_blocked, id=13216, stack(0x000000001ef60000,0x000000001f060000)]
  0x0000000015706800 JavaThread "jar transforms Thread 5" [_thread_blocked, id=11476, stack(0x000000001ee60000,0x000000001ef60000)]
  0x000000001570d800 JavaThread "jar transforms Thread 4" [_thread_blocked, id=12448, stack(0x000000001dc00000,0x000000001dd00000)]
  0x000000001570b000 JavaThread "jar transforms Thread 3" [_thread_blocked, id=5840, stack(0x000000001db00000,0x000000001dc00000)]
  0x0000000015708000 JavaThread "jar transforms Thread 2" [_thread_blocked, id=5768, stack(0x000000001da00000,0x000000001db00000)]
  0x000000001570a800 JavaThread "jar transforms" [_thread_blocked, id=4772, stack(0x000000001d900000,0x000000001da00000)]
  0x000000001570c800 JavaThread "Cache worker for file hash cache (E:\APP\Flutter_app\CF_ChatApp\.gradle\6.5\fileHashes)" [_thread_blocked, id=8888, stack(0x000000001ed60000,0x000000001ee60000)]
  0x0000000015709000 JavaThread "Cache worker for file hash cache (C:\Users\peter\.gradle\wrapper\dists\gradle-5.6.2-all\caches\6.5\fileHashes)" [_thread_blocked, id=1220, stack(0x000000001b660000,0x000000001b760000)]
  0x000000001570c000 JavaThread "File lock request listener" [_thread_in_native, id=13044, stack(0x000000001b560000,0x000000001b660000)]
  0x00000000186eb000 JavaThread "Cache worker for journal cache (C:\Users\peter\.gradle\wrapper\dists\gradle-5.6.2-all\caches\journal-1)" [_thread_blocked, id=12560, stack(0x000000001b460000,0x000000001b560000)]
  0x000000001880e800 JavaThread "Thread-9" [_thread_blocked, id=12540, stack(0x000000001b160000,0x000000001b260000)]
  0x0000000018682000 JavaThread "Stdin handler" [_thread_blocked, id=13088, stack(0x000000001b060000,0x000000001b160000)]
  0x0000000017dd3000 JavaThread "Asynchronous log dispatcher for DefaultDaemonConnection: socket connection from /127.0.0.1:54153 to /127.0.0.1:54154" [_thread_blocked, id=3388, stack(0x000000001af60000,0x000000001b060000)]
  0x0000000018499000 JavaThread "Daemon worker" [_thread_in_native, id=13000, stack(0x000000001ae60000,0x000000001af60000)]
  0x00000000187d9800 JavaThread "Cancel handler" [_thread_blocked, id=11180, stack(0x000000001ad60000,0x000000001ae60000)]
  0x00000000187d2800 JavaThread "Handler for socket connection from /127.0.0.1:54153 to /127.0.0.1:54154" [_thread_in_native, id=12216, stack(0x000000001ac60000,0x000000001ad60000)]
  0x000000001782d000 JavaThread "Daemon" [_thread_blocked, id=9476, stack(0x000000001ab60000,0x000000001ac60000)]
  0x0000000017682800 JavaThread "Daemon periodic checks" [_thread_blocked, id=6912, stack(0x000000001a860000,0x000000001a960000)]
  0x000000001882b000 JavaThread "Incoming local TCP Connector on port 54153" [_thread_in_native, id=12508, stack(0x000000001a620000,0x000000001a720000)]
  0x000000001901c000 JavaThread "Daemon health stats" [_thread_blocked, id=2932, stack(0x0000000019fe0000,0x000000001a0e0000)]
  0x000000001574e000 JavaThread "Service Thread" daemon [_thread_blocked, id=12400, stack(0x0000000017440000,0x0000000017540000)]
  0x0000000015709800 JavaThread "C1 CompilerThread2" daemon [_thread_blocked, id=3784, stack(0x0000000016f40000,0x0000000017040000)]
=>0x00000000156fd800 JavaThread "C2 CompilerThread1" daemon [_thread_in_native, id=9544, stack(0x0000000016e40000,0x0000000016f40000)]
  0x00000000156f2800 JavaThread "C2 CompilerThread0" daemon [_thread_in_native, id=6844, stack(0x0000000016d40000,0x0000000016e40000)]
  0x00000000156f6800 JavaThread "Attach Listener" daemon [_thread_blocked, id=12812, stack(0x0000000016c40000,0x0000000016d40000)]
  0x00000000156f5000 JavaThread "Signal Dispatcher" daemon [_thread_blocked, id=7280, stack(0x0000000016b40000,0x0000000016c40000)]
  0x000000000301b800 JavaThread "Finalizer" daemon [_thread_blocked, id=9924, stack(0x0000000016940000,0x0000000016a40000)]
  0x00000000156d9000 JavaThread "Reference Handler" daemon [_thread_blocked, id=2836, stack(0x0000000016840000,0x0000000016940000)]
  0x0000000002f1e800 JavaThread "main" [_thread_blocked, id=10920, stack(0x0000000002e00000,0x0000000002f00000)]

Other Threads:
  0x00000000156b7800 VMThread [stack: 0x0000000016740000,0x0000000016840000] [id=392]
  0x000000001706c000 WatcherThread [stack: 0x0000000017540000,0x0000000017640000] [id=9928]

VM state:not at safepoint (normal execution)

VM Mutex/Monitor currently owned by a thread: None

heap address: 0x00000000c0000000, size: 1024 MB, Compressed Oops mode: 32-bit
Narrow klass base: 0x0000000000000000, Narrow klass shift: 3
Compressed class space size: 1073741824 Address: 0x0000000100000000

Heap:
 PSYoungGen      total 138240K, used 42977K [0x00000000eab00000, 0x00000000f6b00000, 0x0000000100000000)
  eden space 128000K, 33% used [0x00000000eab00000,0x00000000ed4f8550,0x00000000f2800000)
  from space 10240K, 0% used [0x00000000f2800000,0x00000000f2800000,0x00000000f3200000)
  to   space 12288K, 0% used [0x00000000f5f00000,0x00000000f5f00000,0x00000000f6b00000)
 ParOldGen       total 81920K, used 19073K [0x00000000c0000000, 0x00000000c5000000, 0x00000000eab00000)
  object space 81920K, 23% used [0x00000000c0000000,0x00000000c12a07d8,0x00000000c5000000)
 Metaspace       used 36041K, capacity 37476K, committed 37720K, reserved 1081344K
  class space    used 4909K, capacity 5225K, committed 5248K, reserved 1048576K

Card table byte_map: [0x00000000123e0000,0x00000000125f0000] byte_map_base: 0x0000000011de0000

Marking Bits: (ParMarkBitMap*) 0x0000000053dff030
 Begin Bits: [0x0000000012b50000, 0x0000000013b50000)
 End Bits:   [0x0000000013b50000, 0x0000000014b50000)

Polling page: 0x0000000001110000

CodeCache: size=245760Kb used=11127Kb max_used=11127Kb free=234632Kb
 bounds [0x0000000003020000, 0x0000000003b10000, 0x0000000012020000]
 total_blobs=3556 nmethods=2858 adapters=610
 compilation: enabled

Compilation events (10 events):
Event: 14.370 Thread 0x0000000015709800 3079       3       java.util.HashMap::getNode (148 bytes)
Event: 14.371 Thread 0x0000000015709800 nmethod 3079 0x0000000003b01050 code [0x0000000003b01220, 0x0000000003b01bc8]
Event: 14.378 Thread 0x0000000015709800 3080       3       java.net.URLStreamHandler::equals (45 bytes)
Event: 14.378 Thread 0x0000000015709800 nmethod 3080 0x0000000003b01e90 code [0x0000000003b02020, 0x0000000003b02538]
Event: 14.390 Thread 0x0000000015709800 3081       3       sun.misc.ASCIICaseInsensitiveComparator::compare (13 bytes)
Event: 14.390 Thread 0x0000000015709800 nmethod 3081 0x0000000003b02690 code [0x0000000003b02800, 0x0000000003b02b68]
Event: 14.419 Thread 0x0000000015709800 3082       3       java.lang.invoke.ConstantCallSite::getTarget (20 bytes)
Event: 14.420 Thread 0x0000000015709800 nmethod 3082 0x0000000003b02c50 code [0x0000000003b02dc0, 0x0000000003b03028]
Event: 14.457 Thread 0x0000000015709800 3083       3       java.security.AccessControlContext::combine (205 bytes)
Event: 14.458 Thread 0x0000000015709800 nmethod 3083 0x0000000003b03110 code [0x0000000003b03300, 0x0000000003b03df8]

GC Heap History (10 events):
Event: 8.724 GC heap before
{Heap before GC invocations=7 (full 0):
 PSYoungGen      total 75264K, used 13215K [0x00000000eab00000, 0x00000000f0100000, 0x0000000100000000)
  eden space 65536K, 6% used [0x00000000eab00000,0x00000000eaf20390,0x00000000eeb00000)
  from space 9728K, 92% used [0x00000000ef580000,0x00000000efe47ac8,0x00000000eff00000)
  to   space 10752K, 0% used [0x00000000eeb00000,0x00000000eeb00000,0x00000000ef580000)
 ParOldGen       total 87552K, used 5400K [0x00000000c0000000, 0x00000000c5580000, 0x00000000eab00000)
  object space 87552K, 6% used [0x00000000c0000000,0x00000000c05463b8,0x00000000c5580000)
 Metaspace       used 20475K, capacity 21156K, committed 21248K, reserved 1067008K
  class space    used 2854K, capacity 3036K, committed 3072K, reserved 1048576K
Event: 8.736 GC heap after
Heap after GC invocations=7 (full 0):
 PSYoungGen      total 76288K, used 4420K [0x00000000eab00000, 0x00000000f4000000, 0x0000000100000000)
  eden space 65536K, 0% used [0x00000000eab00000,0x00000000eab00000,0x00000000eeb00000)
  from space 10752K, 41% used [0x00000000eeb00000,0x00000000eef51050,0x00000000ef580000)
  to   space 10752K, 0% used [0x00000000f3580000,0x00000000f3580000,0x00000000f4000000)
 ParOldGen       total 87552K, used 7773K [0x00000000c0000000, 0x00000000c5580000, 0x00000000eab00000)
  object space 87552K, 8% used [0x00000000c0000000,0x00000000c0797418,0x00000000c5580000)
 Metaspace       used 20475K, capacity 21156K, committed 21248K, reserved 1067008K
  class space    used 2854K, capacity 3036K, committed 3072K, reserved 1048576K
}
Event: 8.736 GC heap before
{Heap before GC invocations=8 (full 1):
 PSYoungGen      total 76288K, used 4420K [0x00000000eab00000, 0x00000000f4000000, 0x0000000100000000)
  eden space 65536K, 0% used [0x00000000eab00000,0x00000000eab00000,0x00000000eeb00000)
  from space 10752K, 41% used [0x00000000eeb00000,0x00000000eef51050,0x00000000ef580000)
  to   space 10752K, 0% used [0x00000000f3580000,0x00000000f3580000,0x00000000f4000000)
 ParOldGen       total 87552K, used 7773K [0x00000000c0000000, 0x00000000c5580000, 0x00000000eab00000)
  object space 87552K, 8% used [0x00000000c0000000,0x00000000c0797418,0x00000000c5580000)
 Metaspace       used 20475K, capacity 21156K, committed 21248K, reserved 1067008K
  class space    used 2854K, capacity 3036K, committed 3072K, reserved 1048576K
Event: 8.815 GC heap after
Heap after GC invocations=8 (full 1):
 PSYoungGen      total 76288K, used 0K [0x00000000eab00000, 0x00000000f4000000, 0x0000000100000000)
  eden space 65536K, 0% used [0x00000000eab00000,0x00000000eab00000,0x00000000eeb00000)
  from space 10752K, 0% used [0x00000000eeb00000,0x00000000eeb00000,0x00000000ef580000)
  to   space 10752K, 0% used [0x00000000f3580000,0x00000000f3580000,0x00000000f4000000)
 ParOldGen       total 50176K, used 7108K [0x00000000c0000000, 0x00000000c3100000, 0x00000000eab00000)
  object space 50176K, 14% used [0x00000000c0000000,0x00000000c06f1278,0x00000000c3100000)
 Metaspace       used 20475K, capacity 21156K, committed 21248K, reserved 1067008K
  class space    used 2854K, capacity 3036K, committed 3072K, reserved 1048576K
}
Event: 10.084 GC heap before
{Heap before GC invocations=9 (full 1):
 PSYoungGen      total 76288K, used 65536K [0x00000000eab00000, 0x00000000f4000000, 0x0000000100000000)
  eden space 65536K, 100% used [0x00000000eab00000,0x00000000eeb00000,0x00000000eeb00000)
  from space 10752K, 0% used [0x00000000eeb00000,0x00000000eeb00000,0x00000000ef580000)
  to   space 10752K, 0% used [0x00000000f3580000,0x00000000f3580000,0x00000000f4000000)
 ParOldGen       total 50176K, used 7108K [0x00000000c0000000, 0x00000000c3100000, 0x00000000eab00000)
  object space 50176K, 14% used [0x00000000c0000000,0x00000000c06f1278,0x00000000c3100000)
 Metaspace       used 25018K, capacity 26022K, committed 26112K, reserved 1071104K
  class space    used 3572K, capacity 3819K, committed 3840K, reserved 1048576K
Event: 10.094 GC heap after
Heap after GC invocations=9 (full 1):
 PSYoungGen      total 124416K, used 6185K [0x00000000eab00000, 0x00000000f3c00000, 0x0000000100000000)
  eden space 117760K, 0% used [0x00000000eab00000,0x00000000eab00000,0x00000000f1e00000)
  from space 6656K, 92% used [0x00000000f3580000,0x00000000f3b8a5f8,0x00000000f3c00000)
  to   space 10240K, 0% used [0x00000000f2800000,0x00000000f2800000,0x00000000f3200000)
 ParOldGen       total 50176K, used 7116K [0x00000000c0000000, 0x00000000c3100000, 0x00000000eab00000)
  object space 50176K, 14% used [0x00000000c0000000,0x00000000c06f3278,0x00000000c3100000)
 Metaspace       used 25018K, capacity 26022K, committed 26112K, reserved 1071104K
  class space    used 3572K, capacity 3819K, committed 3840K, reserved 1048576K
}
Event: 12.701 GC heap before
{Heap before GC invocations=10 (full 1):
 PSYoungGen      total 124416K, used 98126K [0x00000000eab00000, 0x00000000f3c00000, 0x0000000100000000)
  eden space 117760K, 78% used [0x00000000eab00000,0x00000000f04c94f0,0x00000000f1e00000)
  from space 6656K, 92% used [0x00000000f3580000,0x00000000f3b8a5f8,0x00000000f3c00000)
  to   space 10240K, 0% used [0x00000000f2800000,0x00000000f2800000,0x00000000f3200000)
 ParOldGen       total 50176K, used 7116K [0x00000000c0000000, 0x00000000c3100000, 0x00000000eab00000)
  object space 50176K, 14% used [0x00000000c0000000,0x00000000c06f3278,0x00000000c3100000)
 Metaspace       used 33986K, capacity 35250K, committed 35416K, reserved 1079296K
  class space    used 4583K, capacity 4880K, committed 4992K, reserved 1048576K
Event: 12.738 GC heap after
Heap after GC invocations=10 (full 1):
 PSYoungGen      total 138240K, used 10233K [0x00000000eab00000, 0x00000000f6b00000, 0x0000000100000000)
  eden space 128000K, 0% used [0x00000000eab00000,0x00000000eab00000,0x00000000f2800000)
  from space 10240K, 99% used [0x00000000f2800000,0x00000000f31fe4c0,0x00000000f3200000)
  to   space 12288K, 0% used [0x00000000f5f00000,0x00000000f5f00000,0x00000000f6b00000)
 ParOldGen       total 50176K, used 9584K [0x00000000c0000000, 0x00000000c3100000, 0x00000000eab00000)
  object space 50176K, 19% used [0x00000000c0000000,0x00000000c095c008,0x00000000c3100000)
 Metaspace       used 33986K, capacity 35250K, committed 35416K, reserved 1079296K
  class space    used 4583K, capacity 4880K, committed 4992K, reserved 1048576K
}
Event: 12.738 GC heap before
{Heap before GC invocations=11 (full 2):
 PSYoungGen      total 138240K, used 10233K [0x00000000eab00000, 0x00000000f6b00000, 0x0000000100000000)
  eden space 128000K, 0% used [0x00000000eab00000,0x00000000eab00000,0x00000000f2800000)
  from space 10240K, 99% used [0x00000000f2800000,0x00000000f31fe4c0,0x00000000f3200000)
  to   space 12288K, 0% used [0x00000000f5f00000,0x00000000f5f00000,0x00000000f6b00000)
 ParOldGen       total 50176K, used 9584K [0x00000000c0000000, 0x00000000c3100000, 0x00000000eab00000)
  object space 50176K, 19% used [0x00000000c0000000,0x00000000c095c008,0x00000000c3100000)
 Metaspace       used 33986K, capacity 35250K, committed 35416K, reserved 1079296K
  class space    used 4583K, capacity 4880K, committed 4992K, reserved 1048576K
Event: 12.923 GC heap after
Heap after GC invocations=11 (full 2):
 PSYoungGen      total 138240K, used 0K [0x00000000eab00000, 0x00000000f6b00000, 0x0000000100000000)
  eden space 128000K, 0% used [0x00000000eab00000,0x00000000eab00000,0x00000000f2800000)
  from space 10240K, 0% used [0x00000000f2800000,0x00000000f2800000,0x00000000f3200000)
  to   space 12288K, 0% used [0x00000000f5f00000,0x00000000f5f00000,0x00000000f6b00000)
 ParOldGen       total 81920K, used 19073K [0x00000000c0000000, 0x00000000c5000000, 0x00000000eab00000)
  object space 81920K, 23% used [0x00000000c0000000,0x00000000c12a07d8,0x00000000c5000000)
 Metaspace       used 33986K, capacity 35250K, committed 35416K, reserved 1079296K
  class space    used 4583K, capacity 4880K, committed 4992K, reserved 1048576K
}

Deoptimization events (10 events):
Event: 12.356 Thread 0x0000000018499000 Uncommon trap: reason=unstable_if action=reinterpret pc=0x000000000353045c method=sun.misc.URLClassPath$JarLoader.getResource(Ljava/lang/String;ZLjava/util/Set;)Lsun/misc/Resource; @ 17
Event: 12.924 Thread 0x00000000156d9000 Uncommon trap: reason=unstable_if action=reinterpret pc=0x00000000036529bc method=java.lang.ref.Reference.tryHandlePending(Z)Z @ 104
Event: 13.385 Thread 0x0000000018499000 Uncommon trap: reason=unstable_if action=reinterpret pc=0x0000000003a54728 method=org.codehaus.groovy.runtime.metaclass.MetaMethodIndex.addMethodToList(Ljava/lang/Object;Lgroovy/lang/MetaMethod;)Ljava/lang/Object; @ 226
Event: 13.506 Thread 0x0000000018499000 Uncommon trap: reason=unstable_if action=reinterpret pc=0x000000000363a6d0 method=java.util.HashMap.putVal(ILjava/lang/Object;Ljava/lang/Object;ZZ)Ljava/lang/Object; @ 162
Event: 14.094 Thread 0x0000000018499000 Uncommon trap: reason=unstable_if action=reinterpret pc=0x0000000003a9f6e4 method=java.util.HashMap.getNode(ILjava/lang/Object;)Ljava/util/HashMap$Node; @ 53
Event: 14.204 Thread 0x0000000018499000 Uncommon trap: reason=unstable_if action=reinterpret pc=0x00000000031c3104 method=java.util.HashMap.getNode(ILjava/lang/Object;)Ljava/util/HashMap$Node; @ 53
Event: 14.248 Thread 0x0000000018499000 Uncommon trap: reason=bimorphic action=maybe_recompile pc=0x0000000003a24b54 method=java.util.AbstractCollection.addAll(Ljava/util/Collection;)Z @ 29
Event: 14.346 Thread 0x0000000018499000 Uncommon trap: reason=unstable_if action=reinterpret pc=0x0000000003726740 method=org.objectweb.asm.ByteVector.putShort(I)Lorg/objectweb/asm/ByteVector; @ 13
Event: 14.351 Thread 0x0000000018499000 Uncommon trap: reason=unstable_if action=reinterpret pc=0x00000000036f23f4 method=java.net.URLStreamHandler.sameFile(Ljava/net/URL;Ljava/net/URL;)Z @ 63
Event: 14.356 Thread 0x0000000018499000 Uncommon trap: reason=unstable_if action=reinterpret pc=0x0000000003708be0 method=java.net.URLStreamHandler.sameFile(Ljava/net/URL;Ljava/net/URL;)Z @ 63

Classes redefined (0 events):
No events

Internal exceptions (10 events):
Event: 13.669 Thread 0x0000000018499000 Exception <a 'java/lang/ClassNotFoundException': org/gradle/initialization/DefaultSettings_DecoratedBeanInfo> (0x00000000eb735600) thrown at [C:\src\AOSP-openjdk-git\hotspot\src\share\vm\classfile\systemDictionary.cpp, line 210]
Event: 13.670 Thread 0x0000000018499000 Exception <a 'java/lang/ClassNotFoundException': org/gradle/initialization/DefaultSettingsBeanInfo> (0x00000000eb75fe20) thrown at [C:\src\AOSP-openjdk-git\hotspot\src\share\vm\classfile\systemDictionary.cpp, line 210]
Event: 13.672 Thread 0x0000000018499000 Exception <a 'java/lang/ClassNotFoundException': org/gradle/initialization/DefaultSettingsCustomizer> (0x00000000eb78c528) thrown at [C:\src\AOSP-openjdk-git\hotspot\src\share\vm\classfile\systemDictionary.cpp, line 210]
Event: 13.679 Thread 0x0000000018499000 Exception <a 'java/lang/ClassNotFoundException': org/gradle/initialization/DefaultSettings_DecoratedCustomizer> (0x00000000eb7fb4b0) thrown at [C:\src\AOSP-openjdk-git\hotspot\src\share\vm\classfile\systemDictionary.cpp, line 210]
Event: 13.688 Thread 0x0000000018499000 Exception <a 'java/lang/ClassNotFoundException': org/gradle/initialization/DefaultProjectDescriptorBeanInfo> (0x00000000eb8aa180) thrown at [C:\src\AOSP-openjdk-git\hotspot\src\share\vm\classfile\systemDictionary.cpp, line 210]
Event: 13.689 Thread 0x0000000018499000 Exception <a 'java/lang/ClassNotFoundException': org/gradle/initialization/DefaultProjectDescriptorCustomizer> (0x00000000eb8d9d08) thrown at [C:\src\AOSP-openjdk-git\hotspot\src\share\vm\classfile\systemDictionary.cpp, line 210]
Event: 14.257 Thread 0x0000000018499000 Exception <a 'java/lang/ClassNotFoundException': org/gradle/api/internal/project/DefaultProject_DecoratedBeanInfo> (0x00000000ecaf2538) thrown at [C:\src\AOSP-openjdk-git\hotspot\src\share\vm\classfile\systemDictionary.cpp, line 210]
Event: 14.259 Thread 0x0000000018499000 Exception <a 'java/lang/ClassNotFoundException': org/gradle/api/internal/project/DefaultProjectBeanInfo> (0x00000000ecb0d528) thrown at [C:\src\AOSP-openjdk-git\hotspot\src\share\vm\classfile\systemDictionary.cpp, line 210]
Event: 14.259 Thread 0x0000000018499000 Exception <a 'java/lang/ClassNotFoundException': org/gradle/api/internal/project/DefaultProjectCustomizer> (0x00000000ecb29088) thrown at [C:\src\AOSP-openjdk-git\hotspot\src\share\vm\classfile\systemDictionary.cpp, line 210]
Event: 14.276 Thread 0x0000000018499000 Exception <a 'java/lang/ClassNotFoundException': org/gradle/api/internal/project/DefaultProject_DecoratedCustomizer> (0x00000000ecc18df8) thrown at [C:\src\AOSP-openjdk-git\hotspot\src\share\vm\classfile\systemDictionary.cpp, line 210]

Events (10 events):
Event: 14.451 loading class org/gradle/caching/internal/controller/impl/DefaultBuildCacheCommandFactory done
Event: 14.452 loading class org/gradle/caching/internal/controller/BuildCacheLoadCommand
Event: 14.452 loading class org/gradle/caching/internal/controller/BuildCacheLoadCommand done
Event: 14.452 loading class org/gradle/caching/internal/controller/BuildCacheStoreCommand
Event: 14.452 loading class org/gradle/caching/internal/controller/BuildCacheStoreCommand done
Event: 14.454 loading class java/util/Collections$SingletonMap
Event: 14.454 loading class java/util/Collections$SingletonMap done
Event: 14.455 loading class org/gradle/internal/execution/history/impl/DefaultOutputFilesRepository
Event: 14.455 loading class org/gradle/internal/execution/history/impl/DefaultOutputFilesRepository done
Event: 14.458 Thread 0x0000000018a6c000 Thread added: 0x0000000018a6c000


Dynamic libraries:
0x00007ff7bec20000 - 0x00007ff7bec51000 	C:\Program Files\Android\Android Studio\jre\bin\java.exe
0x00007ff8acfe0000 - 0x00007ff8ad1d0000 	C:\Windows\SYSTEM32\ntdll.dll
0x00007ff8ab130000 - 0x00007ff8ab1e2000 	C:\Windows\System32\KERNEL32.DLL
0x00007ff8aac20000 - 0x00007ff8aaec6000 	C:\Windows\System32\KERNELBASE.dll
0x00007ff8ab5d0000 - 0x00007ff8ab673000 	C:\Windows\System32\ADVAPI32.dll
0x00007ff8acd60000 - 0x00007ff8acdfe000 	C:\Windows\System32\msvcrt.dll
0x00007ff8ac5e0000 - 0x00007ff8ac677000 	C:\Windows\System32\sechost.dll
0x00007ff8acc40000 - 0x00007ff8acd5f000 	C:\Windows\System32\RPCRT4.dll
0x00007ff8ace00000 - 0x00007ff8acf94000 	C:\Windows\System32\USER32.dll
0x00007ff8aaa00000 - 0x00007ff8aaa21000 	C:\Windows\System32\win32u.dll
0x00007ff8ac3d0000 - 0x00007ff8ac3f6000 	C:\Windows\System32\GDI32.dll
0x00007ff8aaa80000 - 0x00007ff8aac18000 	C:\Windows\System32\gdi32full.dll
0x00007ff8aa960000 - 0x00007ff8aa9fe000 	C:\Windows\System32\msvcp_win.dll
0x00007ff8aaf90000 - 0x00007ff8ab08a000 	C:\Windows\System32\ucrtbase.dll
0x00007ff892c00000 - 0x00007ff892e84000 	C:\Windows\WinSxS\amd64_microsoft.windows.common-controls_6595b64144ccf1df_6.0.18362.1679_none_9e7ff347e45cc1b7\COMCTL32.dll
0x00007ff8ac6f0000 - 0x00007ff8aca26000 	C:\Windows\System32\combase.dll
0x00007ff8aaed0000 - 0x00007ff8aaf54000 	C:\Windows\System32\bcryptPrimitives.dll
0x00007ff8abcb0000 - 0x00007ff8abcde000 	C:\Windows\System32\IMM32.DLL
0x00000000556e0000 - 0x00000000557b2000 	C:\Program Files\Android\Android Studio\jre\jre\bin\msvcr100.dll
0x0000000053630000 - 0x0000000053e7b000 	C:\Program Files\Android\Android Studio\jre\jre\bin\server\jvm.dll
0x00007ff8aca30000 - 0x00007ff8aca38000 	C:\Windows\System32\PSAPI.DLL
0x00007ff8a1a80000 - 0x00007ff8a1aa4000 	C:\Windows\SYSTEM32\WINMM.dll
0x00007ff8a5180000 - 0x00007ff8a518a000 	C:\Windows\SYSTEM32\VERSION.dll
0x00007ff8a8a40000 - 0x00007ff8a8a49000 	C:\Windows\SYSTEM32\WSOCK32.dll
0x00007ff8ac680000 - 0x00007ff8ac6ef000 	C:\Windows\System32\WS2_32.dll
0x00007ff8a1a50000 - 0x00007ff8a1a7d000 	C:\Windows\SYSTEM32\winmmbase.dll
0x00007ff8aaa30000 - 0x00007ff8aaa7a000 	C:\Windows\System32\cfgmgr32.dll
0x00007ff8a5780000 - 0x00007ff8a578f000 	C:\Program Files\Android\Android Studio\jre\jre\bin\verify.dll
0x00007ff89f3a0000 - 0x00007ff89f3c9000 	C:\Program Files\Android\Android Studio\jre\jre\bin\java.dll
0x00007ff89f380000 - 0x00007ff89f396000 	C:\Program Files\Android\Android Studio\jre\jre\bin\zip.dll
0x00007ff8abce0000 - 0x00007ff8ac3c7000 	C:\Windows\System32\SHELL32.dll
0x00007ff8ab1f0000 - 0x00007ff8ab299000 	C:\Windows\System32\shcore.dll
0x00007ff8a9f70000 - 0x00007ff8aa6eb000 	C:\Windows\System32\windows.storage.dll
0x00007ff8a9ef0000 - 0x00007ff8a9f0e000 	C:\Windows\System32\profapi.dll
0x00007ff8a9ea0000 - 0x00007ff8a9eea000 	C:\Windows\System32\powrprof.dll
0x00007ff8a9e90000 - 0x00007ff8a9ea0000 	C:\Windows\System32\UMPDC.dll
0x00007ff8abc40000 - 0x00007ff8abc92000 	C:\Windows\System32\shlwapi.dll
0x00007ff8a9f30000 - 0x00007ff8a9f41000 	C:\Windows\System32\kernel.appcore.dll
0x00007ff8a9f50000 - 0x00007ff8a9f67000 	C:\Windows\System32\cryptsp.dll
0x00007ff89e760000 - 0x00007ff89e77a000 	C:\Program Files\Android\Android Studio\jre\jre\bin\net.dll
0x00007ff8a96d0000 - 0x00007ff8a9737000 	C:\Windows\system32\mswsock.dll
0x00007ff89e5a0000 - 0x00007ff89e5b3000 	C:\Program Files\Android\Android Studio\jre\jre\bin\nio.dll
0x00007ff88b180000 - 0x00007ff88b1a7000 	C:\Users\peter\.gradle\wrapper\dists\gradle-5.6.2-all\native\f6784746aeab05261644944871eae4fe03e0ef1612fff0a4a95f87b438bc6780\windows-amd64\native-platform.dll
0x00007ff8a5450000 - 0x00007ff8a545d000 	C:\Program Files\Android\Android Studio\jre\jre\bin\management.dll
0x00007ff8a9250000 - 0x00007ff8a9283000 	C:\Windows\system32\rsaenh.dll
0x00007ff8aaf60000 - 0x00007ff8aaf86000 	C:\Windows\System32\bcrypt.dll
0x00007ff8a9db0000 - 0x00007ff8a9dd5000 	C:\Windows\SYSTEM32\USERENV.dll
0x00007ff8a98a0000 - 0x00007ff8a98ac000 	C:\Windows\SYSTEM32\CRYPTBASE.dll
0x00007ff8a93e0000 - 0x00007ff8a941a000 	C:\Windows\SYSTEM32\IPHLPAPI.DLL
0x00007ff8abca0000 - 0x00007ff8abca8000 	C:\Windows\System32\NSI.dll
0x00007ff8a4570000 - 0x00007ff8a4586000 	C:\Windows\SYSTEM32\dhcpcsvc6.DLL
0x00007ff8a4530000 - 0x00007ff8a454c000 	C:\Windows\SYSTEM32\dhcpcsvc.DLL
0x00007ff8a9430000 - 0x00007ff8a94fa000 	C:\Windows\SYSTEM32\DNSAPI.dll
0x00007ff8a4c70000 - 0x00007ff8a4c7b000 	C:\Windows\SYSTEM32\WINNSI.DLL

VM Arguments:
jvm_args: -Xmx1024m -Dfile.encoding=UTF-8 -Duser.country=US -Duser.language=en -Duser.variant 
java_command: org.gradle.launcher.daemon.bootstrap.GradleDaemon 6.5
java_class_path (initial): C:\Users\peter\.gradle\wrapper\dists\gradle-5.6.2-all\wrapper\dists\gradle-6.5-all\2oz4ud9k3tuxjg84bbf55q0tn\gradle-6.5\lib\gradle-launcher-6.5.jar
Launcher Type: SUN_STANDARD

Environment Variables:
JAVA_HOME=C:\Program Files\Java\jdk-15.0.2
PATH=C:\Program Files\Java\jdk-15.0.2\bin;C:\Program Files\Common Files\Oracle\Java\javapath;C:\Program Files\Microsoft MPI\Bin\;C:\Windows\system32;C:\Windows;C:\Windows\System32\Wbem;C:\Windows\System32\WindowsPowerShell\v1.0\;C:\Windows\System32\OpenSSH\;C:\Program Files\dotnet\;C:\Program Files\Microsoft SQL Server\130\Tools\Binn\;C:\Program Files\Microsoft SQL Server\Client SDK\ODBC\170\Tools\Binn\;C:\Program Files (x86)\Microsoft SQL Server\150\Tools\Binn\;C:\Program Files\Microsoft SQL Server\150\Tools\Binn\;C:\Program Files\Microsoft SQL Server\150\DTS\Binn\;C:\Program Files (x86)\dotnet\;C:\ProgramData\chocolatey\bin;C:\Program Files\Git\cmd;C:\Users\peter\AppData\Local\Microsoft\WindowsApps;C:\Users\peter\.dotnet\tools;C:\src\flutter\bin;C:\tools\dart-sdk\bin;C:\Users\peter\AppData\Roaming\Pub\Cache\bin
USERNAME=Fabio
OS=Windows_NT
PROCESSOR_IDENTIFIER=Intel64 Family 6 Model 61 Stepping 4, GenuineIntel



---------------  S Y S T E M  ---------------

OS: Windows 10.0 , 64 bit Build 18362 (10.0.18362.1645)

CPU:total 4 (initial active 4) (2 cores per cpu, 2 threads per core) family 6 model 61 stepping 4, cmov, cx8, fxsr, mmx, sse, sse2, sse3, ssse3, sse4.1, sse4.2, popcnt, avx, avx2, aes, clmul, erms, 3dnowpref, lzcnt, ht, tsc, tscinvbit, bmi1, bmi2, adx

Memory: 4k page, physical 8284296k(826708k free), swap 16672904k(5456k free)

vm_info: OpenJDK 64-Bit Server VM (25.242-b01) for windows-amd64 JRE (1.8.0_242-release-1644-b01), built by "builder" with MS VC++ 10.0 (VS2010)

time: Thu Jul 22 22:42:22 2021
timezone: SE Asia Standard Time
elapsed time: 14 seconds (0d 0h 0m 14s)

