#
# There is insufficient memory for the Java Runtime Environment to continue.
# Native memory allocation (malloc) failed to allocate 754336 bytes for Chunk::new
# Possible reasons:
#   The system is out of physical RAM or swap space
#   The process is running with CompressedOops enabled, and the Java Heap may be blocking the growth of the native heap
# Possible solutions:
#   Reduce memory load on the system
#   Increase physical memory or swap space
#   Check if swap backing store is full
#   Decrease Java heap size (-Xmx/-Xms)
#   Decrease number of Java threads
#   Decrease Java thread stack sizes (-Xss)
#   Set larger code cache with -XX:ReservedCodeCacheSize=
#   JVM is running with Unscaled Compressed Oops mode in which the Java heap is
#     placed in the first 4GB address space. The Java Heap base address is the
#     maximum limit for the native heap growth. Please use -XX:HeapBaseMinAddress
#     to set the Java Heap base and to place the Java Heap above 4GB virtual address.
# This output file may be truncated or incomplete.
#
#  Out of Memory Error (allocation.cpp:389), pid=13208, tid=0x0000000000000e74
#
# JRE version: OpenJDK Runtime Environment (8.0_242-b01) (build 1.8.0_242-release-1644-b01)
# Java VM: OpenJDK 64-Bit Server VM (25.242-b01 mixed mode windows-amd64 compressed oops)
# Failed to write core dump. Minidumps are not enabled by default on client versions of Windows
#

---------------  T H R E A D  ---------------

Current thread (0x0000000017f5d000):  JavaThread "C2 CompilerThread1" daemon [_thread_in_native, id=3700, stack(0x00000000196a0000,0x00000000197a0000)]

Stack: [0x00000000196a0000,0x00000000197a0000]
[error occurred during error reporting (printing stack bounds), id 0xc0000005]

Native frames: (J=compiled Java code, j=interpreted, Vv=VM code, C=native code)


Current CompileTask:
C2:   6560 1526   !   4       java.net.URLClassLoader$1::run (63 bytes)


---------------  P R O C E S S  ---------------

Java Threads: ( => current thread )
  0x0000000017f6e800 JavaThread "File lock request listener" [_thread_new, id=12096, stack(0x0000000000000000,0x0000000000000000)]
  0x000000001ad55800 JavaThread "Cache worker for journal cache (C:\Users\peter\.gradle\wrapper\dists\gradle-5.6.2-all\caches\journal-1)" [_thread_new, id=5940, stack(0x0000000000000000,0x0000000000000000)]
  0x000000001b100800 JavaThread "Thread-9" [_thread_blocked, id=11384, stack(0x000000001d9c0000,0x000000001dac0000)]
  0x000000001ba09800 JavaThread "Stdin handler" [_thread_blocked, id=7864, stack(0x000000001d8c0000,0x000000001d9c0000)]
  0x000000001a6d4000 JavaThread "Asynchronous log dispatcher for DefaultDaemonConnection: socket connection from /127.0.0.1:59180 to /127.0.0.1:59181" [_thread_blocked, id=68, stack(0x000000001d7c0000,0x000000001d8c0000)]
  0x000000001b0a8800 JavaThread "Daemon worker" [_thread_in_native, id=12088, stack(0x000000001d6c0000,0x000000001d7c0000)]
  0x000000001b0a7000 JavaThread "Cancel handler" [_thread_blocked, id=9740, stack(0x000000001d5c0000,0x000000001d6c0000)]
  0x000000001ab07800 JavaThread "Handler for socket connection from /127.0.0.1:59180 to /127.0.0.1:59181" [_thread_in_native, id=8232, stack(0x000000001d4c0000,0x000000001d5c0000)]
  0x000000001ab07000 JavaThread "Daemon" [_thread_blocked, id=13140, stack(0x000000001d3c0000,0x000000001d4c0000)]
  0x000000001ab05000 JavaThread "Daemon periodic checks" [_thread_blocked, id=8604, stack(0x000000001d2c0000,0x000000001d3c0000)]
  0x000000001b9cf000 JavaThread "Incoming local TCP Connector on port 59180" [_thread_in_native, id=12748, stack(0x000000001d080000,0x000000001d180000)]
  0x000000001b9ba800 JavaThread "Daemon health stats" [_thread_blocked, id=13024, stack(0x000000001c840000,0x000000001c940000)]
  0x00000000198e2800 JavaThread "Service Thread" daemon [_thread_blocked, id=10584, stack(0x0000000019ca0000,0x0000000019da0000)]
  0x0000000017f6f000 JavaThread "C1 CompilerThread2" daemon [_thread_blocked, id=8020, stack(0x00000000197a0000,0x00000000198a0000)]
=>0x0000000017f5d000 JavaThread "C2 CompilerThread1" daemon [_thread_in_native, id=3700, stack(0x00000000196a0000,0x00000000197a0000)]
  0x0000000017f53800 JavaThread "C2 CompilerThread0" daemon [_thread_in_native, id=12532, stack(0x00000000195a0000,0x00000000196a0000)]
  0x0000000017f57800 JavaThread "Attach Listener" daemon [_thread_blocked, id=6552, stack(0x00000000194a0000,0x00000000195a0000)]
  0x0000000017f56000 JavaThread "Signal Dispatcher" daemon [_thread_blocked, id=612, stack(0x00000000193a0000,0x00000000194a0000)]
  0x000000000332c800 JavaThread "Finalizer" daemon [_thread_blocked, id=2780, stack(0x00000000191a0000,0x00000000192a0000)]
  0x0000000017f39000 JavaThread "Reference Handler" daemon [_thread_blocked, id=9928, stack(0x00000000190a0000,0x00000000191a0000)]
  0x000000000138e800 JavaThread "main" [_thread_blocked, id=5992, stack(0x0000000003130000,0x0000000003230000)]

Other Threads:
  0x0000000017f17800 VMThread [stack: 0x0000000018fa0000,0x00000000190a0000] [id=12400]
  0x00000000198e4000 WatcherThread [stack: 0x0000000019da0000,0x0000000019ea0000] [id=5272]

VM state:not at safepoint (normal execution)

VM Mutex/Monitor currently owned by a thread: None

heap address: 0x0000000080000000, size: 2048 MB, Compressed Oops mode: 32-bit
Narrow klass base: 0x0000000000000000, Narrow klass shift: 3
Compressed class space size: 1073741824 Address: 0x0000000100000000

Heap:
 PSYoungGen      total 38400K, used 8883K [0x00000000d5580000, 0x00000000d8000000, 0x0000000100000000)
  eden space 33280K, 11% used [0x00000000d5580000,0x00000000d5930e10,0x00000000d7600000)
  from space 5120K, 99% used [0x00000000d7b00000,0x00000000d7ffc030,0x00000000d8000000)
  to   space 5120K, 0% used [0x00000000d7600000,0x00000000d7600000,0x00000000d7b00000)
 ParOldGen       total 87552K, used 2587K [0x0000000080000000, 0x0000000085580000, 0x00000000d5580000)
  object space 87552K, 2% used [0x0000000080000000,0x0000000080286f40,0x0000000085580000)
 Metaspace       used 14520K, capacity 15038K, committed 15232K, reserved 1062912K
  class space    used 1992K, capacity 2165K, committed 2176K, reserved 1048576K

Card table byte_map: [0x00000000126f0000,0x0000000012b00000] byte_map_base: 0x00000000122f0000

Marking Bits: (ParMarkBitMap*) 0x0000000053dff030
 Begin Bits: [0x00000000131b0000, 0x00000000151b0000)
 End Bits:   [0x00000000151b0000, 0x00000000171b0000)

Polling page: 0x0000000001370000

CodeCache: size=245760Kb used=5388Kb max_used=5400Kb free=240371Kb
 bounds [0x0000000003330000, 0x0000000003880000, 0x0000000012330000]
 total_blobs=1907 nmethods=1524 adapters=296
 compilation: enabled

Compilation events (10 events):
Event: 6.456 Thread 0x0000000017f6f000 1524       1       org.gradle.internal.service.AbstractServiceMethod::getParameterTypes (5 bytes)
Event: 6.456 Thread 0x0000000017f6f000 nmethod 1524 0x0000000003870d50 code [0x0000000003870ea0, 0x0000000003870fb0]
Event: 6.456 Thread 0x0000000017f6f000 1525       1       org.gradle.internal.service.DefaultServiceRegistry::access$1600 (5 bytes)
Event: 6.456 Thread 0x0000000017f6f000 nmethod 1525 0x00000000038739d0 code [0x0000000003873b20, 0x0000000003873c10]
Event: 6.457 Thread 0x0000000017f5d000 nmethod 1509 0x00000000038770d0 code [0x0000000003877260, 0x0000000003877a38]
Event: 6.458 Thread 0x0000000017f5d000 1526   !   4       java.net.URLClassLoader$1::run (63 bytes)
Event: 6.460 Thread 0x0000000017f6f000 1528       2       java.util.LinkedHashMap$LinkedKeyIterator::next (8 bytes)
Event: 6.460 Thread 0x0000000017f6f000 nmethod 1528 0x0000000003876d10 code [0x0000000003876e80, 0x0000000003877008]
Event: 6.470 Thread 0x0000000017f53800 nmethod 1523 0x0000000003878390 code [0x0000000003878520, 0x0000000003878978]
Event: 6.470 Thread 0x0000000017f53800 1527       4       java.net.URLClassLoader$1::run (5 bytes)

GC Heap History (8 events):
Event: 1.835 GC heap before
{Heap before GC invocations=1 (full 0):
 PSYoungGen      total 38400K, used 33280K [0x00000000d5580000, 0x00000000d8000000, 0x0000000100000000)
  eden space 33280K, 100% used [0x00000000d5580000,0x00000000d7600000,0x00000000d7600000)
  from space 5120K, 0% used [0x00000000d7b00000,0x00000000d7b00000,0x00000000d8000000)
  to   space 5120K, 0% used [0x00000000d7600000,0x00000000d7600000,0x00000000d7b00000)
 ParOldGen       total 87552K, used 0K [0x0000000080000000, 0x0000000085580000, 0x00000000d5580000)
  object space 87552K, 0% used [0x0000000080000000,0x0000000080000000,0x0000000085580000)
 Metaspace       used 7222K, capacity 7454K, committed 7680K, reserved 1056768K
  class space    used 890K, capacity 973K, committed 1024K, reserved 1048576K
Event: 1.844 GC heap after
Heap after GC invocations=1 (full 0):
 PSYoungGen      total 38400K, used 4407K [0x00000000d5580000, 0x00000000d8000000, 0x0000000100000000)
  eden space 33280K, 0% used [0x00000000d5580000,0x00000000d5580000,0x00000000d7600000)
  from space 5120K, 86% used [0x00000000d7600000,0x00000000d7a4dc20,0x00000000d7b00000)
  to   space 5120K, 0% used [0x00000000d7b00000,0x00000000d7b00000,0x00000000d8000000)
 ParOldGen       total 87552K, used 16K [0x0000000080000000, 0x0000000085580000, 0x00000000d5580000)
  object space 87552K, 0% used [0x0000000080000000,0x0000000080004000,0x0000000085580000)
 Metaspace       used 7222K, capacity 7454K, committed 7680K, reserved 1056768K
  class space    used 890K, capacity 973K, committed 1024K, reserved 1048576K
}
Event: 2.418 GC heap before
{Heap before GC invocations=2 (full 0):
 PSYoungGen      total 38400K, used 37687K [0x00000000d5580000, 0x00000000d8000000, 0x0000000100000000)
  eden space 33280K, 100% used [0x00000000d5580000,0x00000000d7600000,0x00000000d7600000)
  from space 5120K, 86% used [0x00000000d7600000,0x00000000d7a4dc20,0x00000000d7b00000)
  to   space 5120K, 0% used [0x00000000d7b00000,0x00000000d7b00000,0x00000000d8000000)
 ParOldGen       total 87552K, used 16K [0x0000000080000000, 0x0000000085580000, 0x00000000d5580000)
  object space 87552K, 0% used [0x0000000080000000,0x0000000080004000,0x0000000085580000)
 Metaspace       used 7401K, capacity 7646K, committed 7936K, reserved 1056768K
  class space    used 899K, capacity 973K, committed 1024K, reserved 1048576K
Event: 2.422 GC heap after
Heap after GC invocations=2 (full 0):
 PSYoungGen      total 38400K, used 3089K [0x00000000d5580000, 0x00000000d8000000, 0x0000000100000000)
  eden space 33280K, 0% used [0x00000000d5580000,0x00000000d5580000,0x00000000d7600000)
  from space 5120K, 60% used [0x00000000d7b00000,0x00000000d7e045d8,0x00000000d8000000)
  to   space 5120K, 0% used [0x00000000d7600000,0x00000000d7600000,0x00000000d7b00000)
 ParOldGen       total 87552K, used 24K [0x0000000080000000, 0x0000000085580000, 0x00000000d5580000)
  object space 87552K, 0% used [0x0000000080000000,0x0000000080006000,0x0000000085580000)
 Metaspace       used 7401K, capacity 7646K, committed 7936K, reserved 1056768K
  class space    used 899K, capacity 973K, committed 1024K, reserved 1048576K
}
Event: 5.586 GC heap before
{Heap before GC invocations=3 (full 0):
 PSYoungGen      total 38400K, used 36369K [0x00000000d5580000, 0x00000000d8000000, 0x0000000100000000)
  eden space 33280K, 100% used [0x00000000d5580000,0x00000000d7600000,0x00000000d7600000)
  from space 5120K, 60% used [0x00000000d7b00000,0x00000000d7e045d8,0x00000000d8000000)
  to   space 5120K, 0% used [0x00000000d7600000,0x00000000d7600000,0x00000000d7b00000)
 ParOldGen       total 87552K, used 24K [0x0000000080000000, 0x0000000085580000, 0x00000000d5580000)
  object space 87552K, 0% used [0x0000000080000000,0x0000000080006000,0x0000000085580000)
 Metaspace       used 10884K, capacity 11140K, committed 11392K, reserved 1060864K
  class space    used 1441K, capacity 1542K, committed 1664K, reserved 1048576K
Event: 5.596 GC heap after
Heap after GC invocations=3 (full 0):
 PSYoungGen      total 38400K, used 5088K [0x00000000d5580000, 0x00000000d8000000, 0x0000000100000000)
  eden space 33280K, 0% used [0x00000000d5580000,0x00000000d5580000,0x00000000d7600000)
  from space 5120K, 99% used [0x00000000d7600000,0x00000000d7af8020,0x00000000d7b00000)
  to   space 5120K, 0% used [0x00000000d7b00000,0x00000000d7b00000,0x00000000d8000000)
 ParOldGen       total 87552K, used 419K [0x0000000080000000, 0x0000000085580000, 0x00000000d5580000)
  object space 87552K, 0% used [0x0000000080000000,0x0000000080068c98,0x0000000085580000)
 Metaspace       used 10884K, capacity 11140K, committed 11392K, reserved 1060864K
  class space    used 1441K, capacity 1542K, committed 1664K, reserved 1048576K
}
Event: 6.395 GC heap before
{Heap before GC invocations=4 (full 0):
 PSYoungGen      total 38400K, used 38368K [0x00000000d5580000, 0x00000000d8000000, 0x0000000100000000)
  eden space 33280K, 100% used [0x00000000d5580000,0x00000000d7600000,0x00000000d7600000)
  from space 5120K, 99% used [0x00000000d7600000,0x00000000d7af8020,0x00000000d7b00000)
  to   space 5120K, 0% used [0x00000000d7b00000,0x00000000d7b00000,0x00000000d8000000)
 ParOldGen       total 87552K, used 419K [0x0000000080000000, 0x0000000085580000, 0x00000000d5580000)
  object space 87552K, 0% used [0x0000000080000000,0x0000000080068c98,0x0000000085580000)
 Metaspace       used 14120K, capacity 14628K, committed 14976K, reserved 1062912K
  class space    used 1949K, capacity 2094K, committed 2176K, reserved 1048576K
Event: 6.406 GC heap after
Heap after GC invocations=4 (full 0):
 PSYoungGen      total 38400K, used 5104K [0x00000000d5580000, 0x00000000d8000000, 0x0000000100000000)
  eden space 33280K, 0% used [0x00000000d5580000,0x00000000d5580000,0x00000000d7600000)
  from space 5120K, 99% used [0x00000000d7b00000,0x00000000d7ffc030,0x00000000d8000000)
  to   space 5120K, 0% used [0x00000000d7600000,0x00000000d7600000,0x00000000d7b00000)
 ParOldGen       total 87552K, used 2587K [0x0000000080000000, 0x0000000085580000, 0x00000000d5580000)
  object space 87552K, 2% used [0x0000000080000000,0x0000000080286f40,0x0000000085580000)
 Metaspace       used 14120K, capacity 14628K, committed 14976K, reserved 1062912K
  class space    used 1949K, capacity 2094K, committed 2176K, reserved 1048576K
}

Deoptimization events (10 events):
Event: 5.728 Thread 0x000000001ab07800 Uncommon trap: reason=unstable_if action=reinterpret pc=0x000000000374d028 method=java.util.concurrent.ConcurrentHashMap.putVal(Ljava/lang/Object;Ljava/lang/Object;Z)Ljava/lang/Object; @ 206
Event: 5.770 Thread 0x000000001ab07800 Uncommon trap: reason=unstable_if action=reinterpret pc=0x0000000003678214 method=java.lang.String.substring(I)Ljava/lang/String; @ 35
Event: 5.879 Thread 0x000000001b0a8800 Uncommon trap: reason=bimorphic action=maybe_recompile pc=0x00000000036546d4 method=java.util.HashMap.putVal(ILjava/lang/Object;Ljava/lang/Object;ZZ)Ljava/lang/Object; @ 253
Event: 5.879 Thread 0x000000001b0a8800 Uncommon trap: reason=bimorphic action=maybe_recompile pc=0x00000000036546d4 method=java.util.HashMap.putVal(ILjava/lang/Object;Ljava/lang/Object;ZZ)Ljava/lang/Object; @ 253
Event: 5.879 Thread 0x000000001b0a8800 Uncommon trap: reason=bimorphic action=maybe_recompile pc=0x00000000036546d4 method=java.util.HashMap.putVal(ILjava/lang/Object;Ljava/lang/Object;ZZ)Ljava/lang/Object; @ 253
Event: 5.879 Thread 0x000000001b0a8800 Uncommon trap: reason=bimorphic action=maybe_recompile pc=0x00000000036546d4 method=java.util.HashMap.putVal(ILjava/lang/Object;Ljava/lang/Object;ZZ)Ljava/lang/Object; @ 253
Event: 6.368 Thread 0x000000001b0a8800 Uncommon trap: reason=class_check action=maybe_recompile pc=0x000000000367a458 method=java.util.regex.Matcher.match(II)Z @ 86
Event: 6.416 Thread 0x000000001b0a8800 Uncommon trap: reason=class_check action=maybe_recompile pc=0x000000000367a458 method=java.util.regex.Matcher.match(II)Z @ 86
Event: 6.417 Thread 0x000000001b0a8800 Uncommon trap: reason=class_check action=maybe_recompile pc=0x000000000367a458 method=java.util.regex.Matcher.match(II)Z @ 86
Event: 6.417 Thread 0x000000001b0a8800 Uncommon trap: reason=class_check action=maybe_recompile pc=0x00000000034fdb4c method=java.util.regex.Matcher.match(II)Z @ 86

Classes redefined (0 events):
No events

Internal exceptions (10 events):
Event: 5.735 Thread 0x000000001ab07800 Exception <a 'java/lang/NoSuchMethodError': <clinit>> (0x00000000d59f17f8) thrown at [C:\src\AOSP-openjdk-git\hotspot\src\share\vm\prims\jni.cpp, line 1615]
Event: 5.742 Thread 0x000000001ab07800 Exception <a 'java/lang/NoSuchMethodError': <clinit>> (0x00000000d5a273d8) thrown at [C:\src\AOSP-openjdk-git\hotspot\src\share\vm\prims\jni.cpp, line 1615]
Event: 5.752 Thread 0x000000001ab07800 Exception <a 'java/lang/NoSuchMethodError': <clinit>> (0x00000000d5a4e6e8) thrown at [C:\src\AOSP-openjdk-git\hotspot\src\share\vm\prims\jni.cpp, line 1615]
Event: 5.756 Thread 0x000000001ab07800 Exception <a 'java/lang/NoSuchMethodError': <clinit>> (0x00000000d5a664c0) thrown at [C:\src\AOSP-openjdk-git\hotspot\src\share\vm\prims\jni.cpp, line 1615]
Event: 5.758 Thread 0x000000001ab07800 Exception <a 'java/lang/NoSuchMethodError': <clinit>> (0x00000000d5a6f060) thrown at [C:\src\AOSP-openjdk-git\hotspot\src\share\vm\prims\jni.cpp, line 1615]
Event: 5.762 Thread 0x000000001ab07800 Exception <a 'java/lang/NoSuchMethodError': <clinit>> (0x00000000d5a85660) thrown at [C:\src\AOSP-openjdk-git\hotspot\src\share\vm\prims\jni.cpp, line 1615]
Event: 5.787 Thread 0x000000001ab07800 Exception <a 'java/lang/NoSuchMethodError': <clinit>> (0x00000000d5b29dd8) thrown at [C:\src\AOSP-openjdk-git\hotspot\src\share\vm\prims\jni.cpp, line 1615]
Event: 5.804 Thread 0x000000001ab07800 Exception <a 'java/lang/NoSuchMethodError': <clinit>> (0x00000000d5b59530) thrown at [C:\src\AOSP-openjdk-git\hotspot\src\share\vm\prims\jni.cpp, line 1615]
Event: 5.822 Thread 0x000000001ab07800 Exception <a 'java/lang/NoSuchMethodError': <clinit>> (0x00000000d5b88048) thrown at [C:\src\AOSP-openjdk-git\hotspot\src\share\vm\prims\jni.cpp, line 1615]
Event: 5.827 Thread 0x000000001ab07800 Exception <a 'java/lang/NoSuchMethodError': <clinit>> (0x00000000d5b944c0) thrown at [C:\src\AOSP-openjdk-git\hotspot\src\share\vm\prims\jni.cpp, line 1615]

Events (10 events):
Event: 6.518 loading class org/gradle/cache/internal/CrossProcessSynchronizingCache done
Event: 6.519 loading class org/gradle/internal/Factories
Event: 6.519 loading class org/gradle/internal/Factories done
Event: 6.520 loading class org/gradle/internal/Factories$1
Event: 6.520 loading class org/gradle/internal/Factories$1 done
Event: 6.521 loading class org/gradle/cache/internal/locklistener/DefaultFileLockContentionHandler$1
Event: 6.521 loading class org/gradle/cache/internal/locklistener/DefaultFileLockContentionHandler$1 done
Event: 6.525 Thread 0x0000000017f6e800 Thread added: 0x0000000017f6e800
Event: 6.525 loading class org/gradle/cache/internal/locklistener/DefaultFileLockContentionHandler$ContendedAction
Event: 6.525 loading class org/gradle/cache/internal/locklistener/DefaultFileLockContentionHandler$ContendedAction done


Dynamic libraries:
0x00007ff7bec20000 - 0x00007ff7bec51000 	C:\Program Files\Android\Android Studio\jre\bin\java.exe
0x00007ff8acfe0000 - 0x00007ff8ad1d0000 	C:\Windows\SYSTEM32\ntdll.dll
0x00007ff8ab130000 - 0x00007ff8ab1e2000 	C:\Windows\System32\KERNEL32.DLL
0x00007ff8aac20000 - 0x00007ff8aaec6000 	C:\Windows\System32\KERNELBASE.dll
0x00007ff8ab5d0000 - 0x00007ff8ab673000 	C:\Windows\System32\ADVAPI32.dll
0x00007ff8acd60000 - 0x00007ff8acdfe000 	C:\Windows\System32\msvcrt.dll
0x00007ff8ac5e0000 - 0x00007ff8ac677000 	C:\Windows\System32\sechost.dll
0x00007ff8acc40000 - 0x00007ff8acd5f000 	C:\Windows\System32\RPCRT4.dll
0x00007ff8ace00000 - 0x00007ff8acf94000 	C:\Windows\System32\USER32.dll
0x00007ff8aaa00000 - 0x00007ff8aaa21000 	C:\Windows\System32\win32u.dll
0x00007ff8ac3d0000 - 0x00007ff8ac3f6000 	C:\Windows\System32\GDI32.dll
0x00007ff8aaa80000 - 0x00007ff8aac18000 	C:\Windows\System32\gdi32full.dll
0x00007ff8aa960000 - 0x00007ff8aa9fe000 	C:\Windows\System32\msvcp_win.dll
0x00007ff8aaf90000 - 0x00007ff8ab08a000 	C:\Windows\System32\ucrtbase.dll
0x00007ff892c00000 - 0x00007ff892e84000 	C:\Windows\WinSxS\amd64_microsoft.windows.common-controls_6595b64144ccf1df_6.0.18362.1679_none_9e7ff347e45cc1b7\COMCTL32.dll
0x00007ff8ac6f0000 - 0x00007ff8aca26000 	C:\Windows\System32\combase.dll
0x00007ff8aaed0000 - 0x00007ff8aaf54000 	C:\Windows\System32\bcryptPrimitives.dll
0x00007ff8abcb0000 - 0x00007ff8abcde000 	C:\Windows\System32\IMM32.DLL
0x00000000556e0000 - 0x00000000557b2000 	C:\Program Files\Android\Android Studio\jre\jre\bin\msvcr100.dll
0x0000000053630000 - 0x0000000053e7b000 	C:\Program Files\Android\Android Studio\jre\jre\bin\server\jvm.dll
0x00007ff8aca30000 - 0x00007ff8aca38000 	C:\Windows\System32\PSAPI.DLL
0x00007ff8a8a40000 - 0x00007ff8a8a49000 	C:\Windows\SYSTEM32\WSOCK32.dll
0x00007ff8a1a80000 - 0x00007ff8a1aa4000 	C:\Windows\SYSTEM32\WINMM.dll
0x00007ff8ac680000 - 0x00007ff8ac6ef000 	C:\Windows\System32\WS2_32.dll
0x00007ff8a5180000 - 0x00007ff8a518a000 	C:\Windows\SYSTEM32\VERSION.dll
0x00007ff8a1a50000 - 0x00007ff8a1a7d000 	C:\Windows\SYSTEM32\WINMMBASE.dll
0x00007ff8aaa30000 - 0x00007ff8aaa7a000 	C:\Windows\System32\cfgmgr32.dll
0x00007ff8a5780000 - 0x00007ff8a578f000 	C:\Program Files\Android\Android Studio\jre\jre\bin\verify.dll
0x00007ff89f3a0000 - 0x00007ff89f3c9000 	C:\Program Files\Android\Android Studio\jre\jre\bin\java.dll
0x00007ff89f380000 - 0x00007ff89f396000 	C:\Program Files\Android\Android Studio\jre\jre\bin\zip.dll
0x00007ff8abce0000 - 0x00007ff8ac3c7000 	C:\Windows\System32\SHELL32.dll
0x00007ff8ab1f0000 - 0x00007ff8ab299000 	C:\Windows\System32\shcore.dll
0x00007ff8a9f70000 - 0x00007ff8aa6eb000 	C:\Windows\System32\windows.storage.dll
0x00007ff8a9ef0000 - 0x00007ff8a9f0e000 	C:\Windows\System32\profapi.dll
0x00007ff8a9ea0000 - 0x00007ff8a9eea000 	C:\Windows\System32\powrprof.dll
0x00007ff8a9e90000 - 0x00007ff8a9ea0000 	C:\Windows\System32\UMPDC.dll
0x00007ff8abc40000 - 0x00007ff8abc92000 	C:\Windows\System32\shlwapi.dll
0x00007ff8a9f30000 - 0x00007ff8a9f41000 	C:\Windows\System32\kernel.appcore.dll
0x00007ff8a9f50000 - 0x00007ff8a9f67000 	C:\Windows\System32\cryptsp.dll
0x00007ff89e760000 - 0x00007ff89e77a000 	C:\Program Files\Android\Android Studio\jre\jre\bin\net.dll
0x00007ff8a96d0000 - 0x00007ff8a9737000 	C:\Windows\system32\mswsock.dll
0x00007ff89e5a0000 - 0x00007ff89e5b3000 	C:\Program Files\Android\Android Studio\jre\jre\bin\nio.dll
0x00007ff88b180000 - 0x00007ff88b1a7000 	C:\Users\peter\.gradle\wrapper\dists\gradle-5.6.2-all\native\f6784746aeab05261644944871eae4fe03e0ef1612fff0a4a95f87b438bc6780\windows-amd64\native-platform.dll
0x00007ff8a5450000 - 0x00007ff8a545d000 	C:\Program Files\Android\Android Studio\jre\jre\bin\management.dll
0x00007ff8a9250000 - 0x00007ff8a9283000 	C:\Windows\system32\rsaenh.dll
0x00007ff8aaf60000 - 0x00007ff8aaf86000 	C:\Windows\System32\bcrypt.dll
0x00007ff8a9db0000 - 0x00007ff8a9dd5000 	C:\Windows\SYSTEM32\USERENV.dll
0x00007ff8a98a0000 - 0x00007ff8a98ac000 	C:\Windows\SYSTEM32\CRYPTBASE.dll
0x00007ff8a93e0000 - 0x00007ff8a941a000 	C:\Windows\SYSTEM32\IPHLPAPI.DLL
0x00007ff8abca0000 - 0x00007ff8abca8000 	C:\Windows\System32\NSI.dll
0x00007ff8a4570000 - 0x00007ff8a4586000 	C:\Windows\SYSTEM32\dhcpcsvc6.DLL
0x00007ff8a4530000 - 0x00007ff8a454c000 	C:\Windows\SYSTEM32\dhcpcsvc.DLL
0x00007ff8a9430000 - 0x00007ff8a94fa000 	C:\Windows\SYSTEM32\DNSAPI.dll
0x00007ff8a4c70000 - 0x00007ff8a4c7b000 	C:\Windows\SYSTEM32\WINNSI.DLL

VM Arguments:
jvm_args: -Xmx2048m -Dfile.encoding=UTF-8 -Duser.country=US -Duser.language=en -Duser.variant 
java_command: org.gradle.launcher.daemon.bootstrap.GradleDaemon 6.5
java_class_path (initial): C:\Users\peter\.gradle\wrapper\dists\gradle-5.6.2-all\wrapper\dists\gradle-6.5-all\2oz4ud9k3tuxjg84bbf55q0tn\gradle-6.5\lib\gradle-launcher-6.5.jar
Launcher Type: SUN_STANDARD

Environment Variables:
JAVA_HOME=C:\Program Files\Java\jdk-15.0.2
PATH=C:\Program Files\Java\jdk-15.0.2\bin;C:\Program Files\Common Files\Oracle\Java\javapath;C:\Program Files\Microsoft MPI\Bin\;C:\Windows\system32;C:\Windows;C:\Windows\System32\Wbem;C:\Windows\System32\WindowsPowerShell\v1.0\;C:\Windows\System32\OpenSSH\;C:\Program Files\dotnet\;C:\Program Files\Microsoft SQL Server\130\Tools\Binn\;C:\Program Files\Microsoft SQL Server\Client SDK\ODBC\170\Tools\Binn\;C:\Program Files (x86)\Microsoft SQL Server\150\Tools\Binn\;C:\Program Files\Microsoft SQL Server\150\Tools\Binn\;C:\Program Files\Microsoft SQL Server\150\DTS\Binn\;C:\Program Files (x86)\dotnet\;C:\ProgramData\chocolatey\bin;C:\Program Files\Git\cmd;C:\Users\peter\AppData\Local\Microsoft\WindowsApps;C:\Users\peter\.dotnet\tools;C:\src\flutter\bin;C:\tools\dart-sdk\bin;C:\Users\peter\AppData\Roaming\Pub\Cache\bin
USERNAME=Fabio
OS=Windows_NT
PROCESSOR_IDENTIFIER=Intel64 Family 6 Model 61 Stepping 4, GenuineIntel



---------------  S Y S T E M  ---------------

OS: Windows 10.0 , 64 bit Build 18362 (10.0.18362.1645)

CPU:total 4 (initial active 4) (2 cores per cpu, 2 threads per core) family 6 model 61 stepping 4, cmov, cx8, fxsr, mmx, sse, sse2, sse3, ssse3, sse4.1, sse4.2, popcnt, avx, avx2, aes, clmul, erms, 3dnowpref, lzcnt, ht, tsc, tscinvbit, bmi1, bmi2, adx

Memory: 4k page, physical 8284296k(990948k free), swap 16672904k(4176k free)

vm_info: OpenJDK 64-Bit Server VM (25.242-b01) for windows-amd64 JRE (1.8.0_242-release-1644-b01), built by "builder" with MS VC++ 10.0 (VS2010)

time: Thu Jul 22 22:41:55 2021
timezone: SE Asia Standard Time
elapsed time: 6 seconds (0d 0h 0m 6s)

