#
# There is insufficient memory for the Java Runtime Environment to continue.
# Native memory allocation (malloc) failed to allocate 800416 bytes for Chunk::new
# Possible reasons:
#   The system is out of physical RAM or swap space
#   The process is running with CompressedOops enabled, and the Java Heap may be blocking the growth of the native heap
# Possible solutions:
#   Reduce memory load on the system
#   Increase physical memory or swap space
#   Check if swap backing store is full
#   Decrease Java heap size (-Xmx/-Xms)
#   Decrease number of Java threads
#   Decrease Java thread stack sizes (-Xss)
#   Set larger code cache with -XX:ReservedCodeCacheSize=
#   JVM is running with Unscaled Compressed Oops mode in which the Java heap is
#     placed in the first 4GB address space. The Java Heap base address is the
#     maximum limit for the native heap growth. Please use -XX:HeapBaseMinAddress
#     to set the Java Heap base and to place the Java Heap above 4GB virtual address.
# This output file may be truncated or incomplete.
#
#  Out of Memory Error (allocation.cpp:389), pid=1840, tid=0x0000000000000478
#
# JRE version: OpenJDK Runtime Environment (8.0_242-b01) (build 1.8.0_242-release-1644-b01)
# Java VM: OpenJDK 64-Bit Server VM (25.242-b01 mixed mode windows-amd64 compressed oops)
# Failed to write core dump. Minidumps are not enabled by default on client versions of Windows
#

---------------  T H R E A D  ---------------

Current thread (0x0000000014ac5800):  JavaThread "C2 CompilerThread0" daemon [_thread_in_native, id=1144, stack(0x0000000016130000,0x0000000016230000)]

Stack: [0x0000000016130000,0x0000000016230000]
[error occurred during error reporting (printing stack bounds), id 0xc0000005]

Native frames: (J=compiled Java code, j=interpreted, Vv=VM code, C=native code)


Current CompileTask:
C2:   5454 1428       4       java.net.URLClassLoader$1::run (5 bytes)


---------------  P R O C E S S  ---------------

Java Threads: ( => current thread )
  0x0000000016e52800 JavaThread "Cache worker for journal cache (C:\Users\peter\.gradle\wrapper\dists\gradle-5.6.2-all\caches\journal-1)" [_thread_blocked, id=10616, stack(0x000000001a850000,0x000000001a950000)]
  0x0000000016e52000 JavaThread "File lock request listener" [_thread_in_native, id=4040, stack(0x000000001a750000,0x000000001a850000)]
  0x0000000016e55800 JavaThread "Cache worker for file hash cache (C:\Users\peter\.gradle\wrapper\dists\gradle-5.6.2-all\caches\5.6.4\fileHashes)" [_thread_blocked, id=4964, stack(0x000000001a650000,0x000000001a750000)]
  0x0000000016bc1800 JavaThread "Thread-9" [_thread_blocked, id=4932, stack(0x000000001a350000,0x000000001a450000)]
  0x0000000016b27800 JavaThread "Stdin handler" [_thread_blocked, id=10164, stack(0x000000001a250000,0x000000001a350000)]
  0x0000000016b24800 JavaThread "Asynchronous log dispatcher for DefaultDaemonConnection: socket connection from /127.0.0.1:51588 to /127.0.0.1:51589" [_thread_blocked, id=12020, stack(0x000000001a150000,0x000000001a250000)]
  0x0000000016b21000 JavaThread "Daemon worker" [_thread_in_Java, id=9504, stack(0x000000001a050000,0x000000001a150000)]
  0x0000000016741800 JavaThread "Cancel handler" [_thread_blocked, id=10444, stack(0x0000000019f50000,0x000000001a050000)]
  0x00000000183ba800 JavaThread "Handler for socket connection from /127.0.0.1:51588 to /127.0.0.1:51589" [_thread_in_native, id=7156, stack(0x0000000019c50000,0x0000000019d50000)]
  0x00000000183b8800 JavaThread "Daemon" [_thread_blocked, id=7580, stack(0x0000000019b50000,0x0000000019c50000)]
  0x0000000018418000 JavaThread "Daemon periodic checks" [_thread_blocked, id=9920, stack(0x0000000019a50000,0x0000000019b50000)]
  0x00000000183dc000 JavaThread "Incoming local TCP Connector on port 51588" [_thread_in_native, id=10168, stack(0x0000000019810000,0x0000000019910000)]
  0x0000000018337800 JavaThread "Daemon health stats" [_thread_blocked, id=8792, stack(0x00000000191d0000,0x00000000192d0000)]
  0x0000000016460800 JavaThread "Service Thread" daemon [_thread_blocked, id=9212, stack(0x0000000016830000,0x0000000016930000)]
  0x0000000014ad6000 JavaThread "C1 CompilerThread2" daemon [_thread_blocked, id=8248, stack(0x0000000016330000,0x0000000016430000)]
  0x0000000014aca000 JavaThread "C2 CompilerThread1" daemon [_thread_blocked, id=2148, stack(0x0000000016230000,0x0000000016330000)]
=>0x0000000014ac5800 JavaThread "C2 CompilerThread0" daemon [_thread_in_native, id=1144, stack(0x0000000016130000,0x0000000016230000)]
  0x0000000014ac4000 JavaThread "Attach Listener" daemon [_thread_blocked, id=11144, stack(0x0000000016030000,0x0000000016130000)]
  0x0000000014ac1000 JavaThread "Signal Dispatcher" daemon [_thread_blocked, id=2684, stack(0x0000000015f30000,0x0000000016030000)]
  0x00000000023eb000 JavaThread "Finalizer" daemon [_thread_blocked, id=444, stack(0x0000000015d30000,0x0000000015e30000)]
  0x0000000014aa9000 JavaThread "Reference Handler" daemon [_thread_blocked, id=12104, stack(0x0000000015c30000,0x0000000015d30000)]
  0x000000000051e000 JavaThread "main" [_thread_blocked, id=4876, stack(0x00000000021f0000,0x00000000022f0000)]

Other Threads:
  0x0000000014a87000 VMThread [stack: 0x0000000015b30000,0x0000000015c30000] [id=11908]
  0x0000000016461000 WatcherThread [stack: 0x0000000016930000,0x0000000016a30000] [id=1804]

VM state:not at safepoint (normal execution)

VM Mutex/Monitor currently owned by a thread: None

heap address: 0x00000000c0000000, size: 1024 MB, Compressed Oops mode: 32-bit
Narrow klass base: 0x0000000000000000, Narrow klass shift: 3
Compressed class space size: 1073741824 Address: 0x0000000100000000

Heap:
 PSYoungGen      total 38400K, used 15279K [0x00000000eab00000, 0x00000000ed580000, 0x0000000100000000)
  eden space 33280K, 30% used [0x00000000eab00000,0x00000000eb4f2018,0x00000000ecb80000)
  from space 5120K, 99% used [0x00000000ed080000,0x00000000ed579f78,0x00000000ed580000)
  to   space 5120K, 0% used [0x00000000ecb80000,0x00000000ecb80000,0x00000000ed080000)
 ParOldGen       total 87552K, used 3270K [0x00000000c0000000, 0x00000000c5580000, 0x00000000eab00000)
  object space 87552K, 3% used [0x00000000c0000000,0x00000000c0331908,0x00000000c5580000)
 Metaspace       used 14693K, capacity 15050K, committed 15232K, reserved 1062912K
  class space    used 2057K, capacity 2151K, committed 2176K, reserved 1048576K

Card table byte_map: [0x00000000117b0000,0x00000000119c0000] byte_map_base: 0x00000000111b0000

Marking Bits: (ParMarkBitMap*) 0x000000007376f030
 Begin Bits: [0x0000000011f20000, 0x0000000012f20000)
 End Bits:   [0x0000000012f20000, 0x0000000013f20000)

Polling page: 0x0000000000500000

CodeCache: size=245760Kb used=5274Kb max_used=5274Kb free=240485Kb
 bounds [0x00000000023f0000, 0x0000000002920000, 0x00000000113f0000]
 total_blobs=1842 nmethods=1459 adapters=296
 compilation: enabled

Compilation events (10 events):
Event: 5.416 Thread 0x0000000014ad6000 1442       3       org.gradle.initialization.MixInLegacyTypesClassLoader::shouldTransform (42 bytes)
Event: 5.416 Thread 0x0000000014ad6000 nmethod 1442 0x0000000002909a10 code [0x0000000002909ba0, 0x0000000002909ff8]
Event: 5.416 Thread 0x0000000014ad6000 1446       1       sun.reflect.generics.repository.AbstractRepository::getFactory (5 bytes)
Event: 5.416 Thread 0x0000000014ad6000 nmethod 1446 0x0000000002907bd0 code [0x0000000002907d20, 0x0000000002907e30]
Event: 5.419 Thread 0x0000000014ad6000 1447       3       java.util.LinkedList::<init> (10 bytes)
Event: 5.419 Thread 0x0000000014ad6000 nmethod 1447 0x0000000002909490 code [0x0000000002909600, 0x00000000029098d0]
Event: 5.419 Thread 0x0000000014ad6000 1448       3       java.util.AbstractSequentialList::<init> (5 bytes)
Event: 5.419 Thread 0x0000000014ad6000 nmethod 1448 0x0000000002908f90 code [0x0000000002909100, 0x0000000002909370]
Event: 5.429 Thread 0x0000000014ad6000 1449       3       java.util.ArrayList::toArray (60 bytes)
Event: 5.430 Thread 0x0000000014ad6000 nmethod 1449 0x000000000290b890 code [0x000000000290ba20, 0x000000000290bfd8]

GC Heap History (8 events):
Event: 1.318 GC heap before
{Heap before GC invocations=1 (full 0):
 PSYoungGen      total 38400K, used 33280K [0x00000000eab00000, 0x00000000ed580000, 0x0000000100000000)
  eden space 33280K, 100% used [0x00000000eab00000,0x00000000ecb80000,0x00000000ecb80000)
  from space 5120K, 0% used [0x00000000ed080000,0x00000000ed080000,0x00000000ed580000)
  to   space 5120K, 0% used [0x00000000ecb80000,0x00000000ecb80000,0x00000000ed080000)
 ParOldGen       total 87552K, used 0K [0x00000000c0000000, 0x00000000c5580000, 0x00000000eab00000)
  object space 87552K, 0% used [0x00000000c0000000,0x00000000c0000000,0x00000000c5580000)
 Metaspace       used 6808K, capacity 7056K, committed 7424K, reserved 1056768K
  class space    used 828K, capacity 908K, committed 1024K, reserved 1048576K
Event: 1.327 GC heap after
Heap after GC invocations=1 (full 0):
 PSYoungGen      total 38400K, used 4277K [0x00000000eab00000, 0x00000000ed580000, 0x0000000100000000)
  eden space 33280K, 0% used [0x00000000eab00000,0x00000000eab00000,0x00000000ecb80000)
  from space 5120K, 83% used [0x00000000ecb80000,0x00000000ecfad540,0x00000000ed080000)
  to   space 5120K, 0% used [0x00000000ed080000,0x00000000ed080000,0x00000000ed580000)
 ParOldGen       total 87552K, used 8K [0x00000000c0000000, 0x00000000c5580000, 0x00000000eab00000)
  object space 87552K, 0% used [0x00000000c0000000,0x00000000c0002000,0x00000000c5580000)
 Metaspace       used 6808K, capacity 7056K, committed 7424K, reserved 1056768K
  class space    used 828K, capacity 908K, committed 1024K, reserved 1048576K
}
Event: 1.719 GC heap before
{Heap before GC invocations=2 (full 0):
 PSYoungGen      total 38400K, used 37557K [0x00000000eab00000, 0x00000000ed580000, 0x0000000100000000)
  eden space 33280K, 100% used [0x00000000eab00000,0x00000000ecb80000,0x00000000ecb80000)
  from space 5120K, 83% used [0x00000000ecb80000,0x00000000ecfad540,0x00000000ed080000)
  to   space 5120K, 0% used [0x00000000ed080000,0x00000000ed080000,0x00000000ed580000)
 ParOldGen       total 87552K, used 8K [0x00000000c0000000, 0x00000000c5580000, 0x00000000eab00000)
  object space 87552K, 0% used [0x00000000c0000000,0x00000000c0002000,0x00000000c5580000)
 Metaspace       used 6973K, capacity 7184K, committed 7424K, reserved 1056768K
  class space    used 837K, capacity 908K, committed 1024K, reserved 1048576K
Event: 1.723 GC heap after
Heap after GC invocations=2 (full 0):
 PSYoungGen      total 38400K, used 2881K [0x00000000eab00000, 0x00000000ed580000, 0x0000000100000000)
  eden space 33280K, 0% used [0x00000000eab00000,0x00000000eab00000,0x00000000ecb80000)
  from space 5120K, 56% used [0x00000000ed080000,0x00000000ed3504f0,0x00000000ed580000)
  to   space 5120K, 0% used [0x00000000ecb80000,0x00000000ecb80000,0x00000000ed080000)
 ParOldGen       total 87552K, used 16K [0x00000000c0000000, 0x00000000c5580000, 0x00000000eab00000)
  object space 87552K, 0% used [0x00000000c0000000,0x00000000c0004000,0x00000000c5580000)
 Metaspace       used 6973K, capacity 7184K, committed 7424K, reserved 1056768K
  class space    used 837K, capacity 908K, committed 1024K, reserved 1048576K
}
Event: 4.832 GC heap before
{Heap before GC invocations=3 (full 0):
 PSYoungGen      total 38400K, used 36161K [0x00000000eab00000, 0x00000000ed580000, 0x0000000100000000)
  eden space 33280K, 100% used [0x00000000eab00000,0x00000000ecb80000,0x00000000ecb80000)
  from space 5120K, 56% used [0x00000000ed080000,0x00000000ed3504f0,0x00000000ed580000)
  to   space 5120K, 0% used [0x00000000ecb80000,0x00000000ecb80000,0x00000000ed080000)
 ParOldGen       total 87552K, used 16K [0x00000000c0000000, 0x00000000c5580000, 0x00000000eab00000)
  object space 87552K, 0% used [0x00000000c0000000,0x00000000c0004000,0x00000000c5580000)
 Metaspace       used 11368K, capacity 11610K, committed 11904K, reserved 1058816K
  class space    used 1499K, capacity 1593K, committed 1664K, reserved 1048576K
Event: 4.840 GC heap after
Heap after GC invocations=3 (full 0):
 PSYoungGen      total 38400K, used 5104K [0x00000000eab00000, 0x00000000ed580000, 0x0000000100000000)
  eden space 33280K, 0% used [0x00000000eab00000,0x00000000eab00000,0x00000000ecb80000)
  from space 5120K, 99% used [0x00000000ecb80000,0x00000000ed07c030,0x00000000ed080000)
  to   space 5120K, 0% used [0x00000000ed080000,0x00000000ed080000,0x00000000ed580000)
 ParOldGen       total 87552K, used 733K [0x00000000c0000000, 0x00000000c5580000, 0x00000000eab00000)
  object space 87552K, 0% used [0x00000000c0000000,0x00000000c00b7658,0x00000000c5580000)
 Metaspace       used 11368K, capacity 11610K, committed 11904K, reserved 1058816K
  class space    used 1499K, capacity 1593K, committed 1664K, reserved 1048576K
}
Event: 5.368 GC heap before
{Heap before GC invocations=4 (full 0):
 PSYoungGen      total 38400K, used 38384K [0x00000000eab00000, 0x00000000ed580000, 0x0000000100000000)
  eden space 33280K, 100% used [0x00000000eab00000,0x00000000ecb80000,0x00000000ecb80000)
  from space 5120K, 99% used [0x00000000ecb80000,0x00000000ed07c030,0x00000000ed080000)
  to   space 5120K, 0% used [0x00000000ed080000,0x00000000ed080000,0x00000000ed580000)
 ParOldGen       total 87552K, used 733K [0x00000000c0000000, 0x00000000c5580000, 0x00000000eab00000)
  object space 87552K, 0% used [0x00000000c0000000,0x00000000c00b7658,0x00000000c5580000)
 Metaspace       used 14389K, capacity 14760K, committed 14976K, reserved 1062912K
  class space    used 1991K, capacity 2118K, committed 2176K, reserved 1048576K
Event: 5.379 GC heap after
Heap after GC invocations=4 (full 0):
 PSYoungGen      total 38400K, used 5095K [0x00000000eab00000, 0x00000000ed580000, 0x0000000100000000)
  eden space 33280K, 0% used [0x00000000eab00000,0x00000000eab00000,0x00000000ecb80000)
  from space 5120K, 99% used [0x00000000ed080000,0x00000000ed579f78,0x00000000ed580000)
  to   space 5120K, 0% used [0x00000000ecb80000,0x00000000ecb80000,0x00000000ed080000)
 ParOldGen       total 87552K, used 3270K [0x00000000c0000000, 0x00000000c5580000, 0x00000000eab00000)
  object space 87552K, 3% used [0x00000000c0000000,0x00000000c0331908,0x00000000c5580000)
 Metaspace       used 14389K, capacity 14760K, committed 14976K, reserved 1062912K
  class space    used 1991K, capacity 2118K, committed 2176K, reserved 1048576K
}

Deoptimization events (10 events):
Event: 3.026 Thread 0x000000000051e000 Uncommon trap: reason=unstable_if action=reinterpret pc=0x000000000266852c method=java.io.WinNTFileSystem.normalize(Ljava/lang/String;II)Ljava/lang/String; @ 90
Event: 4.855 Thread 0x00000000183ba800 Uncommon trap: reason=unstable_if action=reinterpret pc=0x00000000027f3c30 method=java.util.concurrent.ConcurrentHashMap.putVal(Ljava/lang/Object;Ljava/lang/Object;Z)Ljava/lang/Object; @ 206
Event: 4.916 Thread 0x0000000016b21000 Uncommon trap: reason=bimorphic action=maybe_recompile pc=0x00000000026890b0 method=java.util.HashMap.putVal(ILjava/lang/Object;Ljava/lang/Object;ZZ)Ljava/lang/Object; @ 253
Event: 4.916 Thread 0x0000000016b21000 Uncommon trap: reason=bimorphic action=maybe_recompile pc=0x00000000026890b0 method=java.util.HashMap.putVal(ILjava/lang/Object;Ljava/lang/Object;ZZ)Ljava/lang/Object; @ 253
Event: 4.916 Thread 0x0000000016b21000 Uncommon trap: reason=bimorphic action=maybe_recompile pc=0x00000000026890b0 method=java.util.HashMap.putVal(ILjava/lang/Object;Ljava/lang/Object;ZZ)Ljava/lang/Object; @ 253
Event: 4.916 Thread 0x0000000016b21000 Uncommon trap: reason=bimorphic action=maybe_recompile pc=0x00000000026890b0 method=java.util.HashMap.putVal(ILjava/lang/Object;Ljava/lang/Object;ZZ)Ljava/lang/Object; @ 253
Event: 5.204 Thread 0x0000000016b21000 Uncommon trap: reason=class_check action=maybe_recompile pc=0x00000000026eadc4 method=java.util.regex.Matcher.match(II)Z @ 86
Event: 5.224 Thread 0x0000000016b21000 Uncommon trap: reason=class_check action=maybe_recompile pc=0x00000000026eadc4 method=java.util.regex.Matcher.match(II)Z @ 86
Event: 5.224 Thread 0x0000000016b21000 Uncommon trap: reason=class_check action=maybe_recompile pc=0x00000000026eadc4 method=java.util.regex.Matcher.match(II)Z @ 86
Event: 5.225 Thread 0x0000000016b21000 Uncommon trap: reason=class_check action=maybe_recompile pc=0x000000000256899c method=java.util.regex.Matcher.match(II)Z @ 86

Classes redefined (0 events):
No events

Internal exceptions (10 events):
Event: 2.037 Thread 0x000000000051e000 Exception <a 'java/lang/NoSuchFieldError': method resolution failed> (0x00000000ec18c810) thrown at [C:\src\AOSP-openjdk-git\hotspot\src\share\vm\prims\methodHandles.cpp, line 1167]
Event: 2.041 Thread 0x000000000051e000 Exception <a 'java/lang/NoSuchFieldError': method resolution failed> (0x00000000ec19a530) thrown at [C:\src\AOSP-openjdk-git\hotspot\src\share\vm\prims\methodHandles.cpp, line 1167]
Event: 4.794 Thread 0x000000000051e000 Exception <a 'java/io/IOException'> (0x00000000ec96f6b0) thrown at [C:\src\AOSP-openjdk-git\hotspot\src\share\vm\prims\jni.cpp, line 710]
Event: 4.856 Thread 0x00000000183ba800 Exception <a 'java/lang/NoSuchMethodError': <clinit>> (0x00000000eab4ed98) thrown at [C:\src\AOSP-openjdk-git\hotspot\src\share\vm\prims\jni.cpp, line 1615]
Event: 4.858 Thread 0x00000000183ba800 Exception <a 'java/lang/NoSuchMethodError': <clinit>> (0x00000000eab585c0) thrown at [C:\src\AOSP-openjdk-git\hotspot\src\share\vm\prims\jni.cpp, line 1615]
Event: 4.860 Thread 0x00000000183ba800 Exception <a 'java/lang/NoSuchMethodError': <clinit>> (0x00000000eab900d0) thrown at [C:\src\AOSP-openjdk-git\hotspot\src\share\vm\prims\jni.cpp, line 1615]
Event: 4.873 Thread 0x00000000183ba800 Exception <a 'java/lang/NoSuchMethodError': <clinit>> (0x00000000eabe8328) thrown at [C:\src\AOSP-openjdk-git\hotspot\src\share\vm\prims\jni.cpp, line 1615]
Event: 4.881 Thread 0x00000000183ba800 Exception <a 'java/lang/NoSuchMethodError': <clinit>> (0x00000000eac1f0d0) thrown at [C:\src\AOSP-openjdk-git\hotspot\src\share\vm\prims\jni.cpp, line 1615]
Event: 4.886 Thread 0x00000000183ba800 Exception <a 'java/lang/NoSuchMethodError': <clinit>> (0x00000000eac54cb8) thrown at [C:\src\AOSP-openjdk-git\hotspot\src\share\vm\prims\jni.cpp, line 1615]
Event: 4.888 Thread 0x00000000183ba800 Exception <a 'java/lang/NoSuchMethodError': <clinit>> (0x00000000eac5fdb0) thrown at [C:\src\AOSP-openjdk-git\hotspot\src\share\vm\prims\jni.cpp, line 1615]

Events (10 events):
Event: 5.429 loading class org/gradle/plugin/use/resolve/internal/PluginResolverContributor
Event: 5.429 loading class org/gradle/plugin/use/resolve/internal/PluginResolverContributor done
Event: 5.430 loading class org/gradle/composite/internal/CompositeBuildServices$CompositeBuildBuildScopeServices
Event: 5.430 loading class org/gradle/composite/internal/CompositeBuildServices$CompositeBuildBuildScopeServices done
Event: 5.431 loading class org/gradle/platform/base/internal/registry/ComponentModelBaseServiceRegistry$BuildScopeServices
Event: 5.431 loading class org/gradle/platform/base/internal/registry/ComponentModelBaseServiceRegistry$BuildScopeServices done
Event: 5.432 loading class org/gradle/api/internal/resolve/ProjectModelResolver
Event: 5.432 loading class org/gradle/api/internal/resolve/ProjectModelResolver done
Event: 5.432 loading class org/gradle/jvm/internal/services/PlatformJvmServices$BuildScopeServices
Event: 5.432 loading class org/gradle/jvm/internal/services/PlatformJvmServices$BuildScopeServices done


Dynamic libraries:
0x00007ff62ffc0000 - 0x00007ff62fff1000 	C:\Program Files\Android\Android Studio\jre\bin\java.exe
0x00007ffa84420000 - 0x00007ffa84610000 	C:\Windows\SYSTEM32\ntdll.dll
0x00007ffa830e0000 - 0x00007ffa83192000 	C:\Windows\System32\KERNEL32.DLL
0x00007ffa815f0000 - 0x00007ffa81896000 	C:\Windows\System32\KERNELBASE.dll
0x00007ffa834c0000 - 0x00007ffa83563000 	C:\Windows\System32\ADVAPI32.dll
0x00007ffa835e0000 - 0x00007ffa8367e000 	C:\Windows\System32\msvcrt.dll
0x00007ffa831a0000 - 0x00007ffa83237000 	C:\Windows\System32\sechost.dll
0x00007ffa837b0000 - 0x00007ffa838cf000 	C:\Windows\System32\RPCRT4.dll
0x00007ffa83900000 - 0x00007ffa83a94000 	C:\Windows\System32\USER32.dll
0x00007ffa82420000 - 0x00007ffa82441000 	C:\Windows\System32\win32u.dll
0x00007ffa82d10000 - 0x00007ffa82d36000 	C:\Windows\System32\GDI32.dll
0x00007ffa82280000 - 0x00007ffa82418000 	C:\Windows\System32\gdi32full.dll
0x00007ffa82120000 - 0x00007ffa821be000 	C:\Windows\System32\msvcp_win.dll
0x00007ffa81390000 - 0x00007ffa8148a000 	C:\Windows\System32\ucrtbase.dll
0x00007ffa71250000 - 0x00007ffa714d4000 	C:\Windows\WinSxS\amd64_microsoft.windows.common-controls_6595b64144ccf1df_6.0.18362.1679_none_9e7ff347e45cc1b7\COMCTL32.dll
0x00007ffa840a0000 - 0x00007ffa843d6000 	C:\Windows\System32\combase.dll
0x00007ffa821c0000 - 0x00007ffa82244000 	C:\Windows\System32\bcryptPrimitives.dll
0x00007ffa838d0000 - 0x00007ffa838fe000 	C:\Windows\System32\IMM32.DLL
0x0000000072de0000 - 0x0000000072eb2000 	C:\Program Files\Android\Android Studio\jre\jre\bin\msvcr100.dll
0x0000000072fa0000 - 0x00000000737eb000 	C:\Program Files\Android\Android Studio\jre\jre\bin\server\jvm.dll
0x00007ffa835d0000 - 0x00007ffa835d8000 	C:\Windows\System32\PSAPI.DLL
0x00007ffa7fda0000 - 0x00007ffa7fda9000 	C:\Windows\SYSTEM32\WSOCK32.dll
0x00007ffa84030000 - 0x00007ffa8409f000 	C:\Windows\System32\WS2_32.dll
0x00007ffa77750000 - 0x00007ffa7775a000 	C:\Windows\SYSTEM32\VERSION.dll
0x00007ffa7db80000 - 0x00007ffa7dba4000 	C:\Windows\SYSTEM32\WINMM.dll
0x00007ffa7db50000 - 0x00007ffa7db7d000 	C:\Windows\SYSTEM32\WINMMBASE.dll
0x00007ffa820d0000 - 0x00007ffa8211a000 	C:\Windows\System32\cfgmgr32.dll
0x00007ffa7d770000 - 0x00007ffa7d77f000 	C:\Program Files\Android\Android Studio\jre\jre\bin\verify.dll
0x00007ffa7d740000 - 0x00007ffa7d769000 	C:\Program Files\Android\Android Studio\jre\jre\bin\java.dll
0x00007ffa7d670000 - 0x00007ffa7d686000 	C:\Program Files\Android\Android Studio\jre\jre\bin\zip.dll
0x00007ffa824d0000 - 0x00007ffa82bb7000 	C:\Windows\System32\SHELL32.dll
0x00007ffa83030000 - 0x00007ffa830d9000 	C:\Windows\System32\shcore.dll
0x00007ffa81950000 - 0x00007ffa820cb000 	C:\Windows\System32\windows.storage.dll
0x00007ffa81370000 - 0x00007ffa8138e000 	C:\Windows\System32\profapi.dll
0x00007ffa81300000 - 0x00007ffa8134a000 	C:\Windows\System32\powrprof.dll
0x00007ffa812d0000 - 0x00007ffa812e0000 	C:\Windows\System32\UMPDC.dll
0x00007ffa83750000 - 0x00007ffa837a2000 	C:\Windows\System32\shlwapi.dll
0x00007ffa81350000 - 0x00007ffa81361000 	C:\Windows\System32\kernel.appcore.dll
0x00007ffa82450000 - 0x00007ffa82467000 	C:\Windows\System32\cryptsp.dll
0x00007ffa7b650000 - 0x00007ffa7b66a000 	C:\Program Files\Android\Android Studio\jre\jre\bin\net.dll
0x00007ffa80b10000 - 0x00007ffa80b77000 	C:\Windows\system32\mswsock.dll
0x00007ffa78e40000 - 0x00007ffa78e53000 	C:\Program Files\Android\Android Studio\jre\jre\bin\nio.dll
0x00007ffa78e70000 - 0x00007ffa78e96000 	C:\Users\peter\.gradle\wrapper\dists\gradle-5.6.2-all\native\30\windows-amd64\native-platform.dll
0x00007ffa7d730000 - 0x00007ffa7d73d000 	C:\Program Files\Android\Android Studio\jre\jre\bin\management.dll
0x00007ffa80690000 - 0x00007ffa806c3000 	C:\Windows\system32\rsaenh.dll
0x00007ffa82250000 - 0x00007ffa82276000 	C:\Windows\System32\bcrypt.dll
0x00007ffa811c0000 - 0x00007ffa811e5000 	C:\Windows\SYSTEM32\USERENV.dll
0x00007ffa80ce0000 - 0x00007ffa80cec000 	C:\Windows\SYSTEM32\CRYPTBASE.dll
0x00007ffa80820000 - 0x00007ffa8085a000 	C:\Windows\SYSTEM32\IPHLPAPI.DLL
0x00007ffa82fc0000 - 0x00007ffa82fc8000 	C:\Windows\System32\NSI.dll
0x00007ffa75c70000 - 0x00007ffa75c86000 	C:\Windows\SYSTEM32\dhcpcsvc6.DLL
0x00007ffa75c50000 - 0x00007ffa75c6c000 	C:\Windows\SYSTEM32\dhcpcsvc.DLL
0x00007ffa80860000 - 0x00007ffa8092a000 	C:\Windows\SYSTEM32\DNSAPI.dll

VM Arguments:
jvm_args: -Xmx1024m -Dfile.encoding=UTF-8 -Duser.country=US -Duser.language=en -Duser.variant 
java_command: org.gradle.launcher.daemon.bootstrap.GradleDaemon 5.6.4
java_class_path (initial): C:\Users\peter\.gradle\wrapper\dists\gradle-5.6.2-all\wrapper\dists\gradle-5.6.4-bin\bxirm19lnfz6nurbatndyydux\gradle-5.6.4\lib\gradle-launcher-5.6.4.jar
Launcher Type: SUN_STANDARD

Environment Variables:
JAVA_HOME=C:\Program Files\Java\jdk-15.0.2
PATH=C:\Program Files\Java\jdk-15.0.2\bin;C:\Program Files\Common Files\Oracle\Java\javapath;C:\Program Files\Microsoft MPI\Bin\;C:\Windows\system32;C:\Windows;C:\Windows\System32\Wbem;C:\Windows\System32\WindowsPowerShell\v1.0\;C:\Windows\System32\OpenSSH\;C:\Program Files\dotnet\;C:\Program Files (x86)\dotnet\;C:\ProgramData\chocolatey\bin;C:\Program Files\Git\cmd;C:\Users\peter\AppData\Local\Microsoft\WindowsApps;C:\Users\peter\.dotnet\tools;C:\src\flutter\bin;C:\tools\dart-sdk\bin;C:\Users\peter\AppData\Roaming\Pub\Cache\bin
USERNAME=Fabio
OS=Windows_NT
PROCESSOR_IDENTIFIER=Intel64 Family 6 Model 61 Stepping 4, GenuineIntel



---------------  S Y S T E M  ---------------

OS: Windows 10.0 , 64 bit Build 18362 (10.0.18362.1645)

CPU:total 4 (initial active 4) (2 cores per cpu, 2 threads per core) family 6 model 61 stepping 4, cmov, cx8, fxsr, mmx, sse, sse2, sse3, ssse3, sse4.1, sse4.2, popcnt, avx, avx2, aes, clmul, erms, 3dnowpref, lzcnt, ht, tsc, tscinvbit, bmi1, bmi2, adx

Memory: 4k page, physical 8284296k(981284k free), swap 16672904k(5480k free)

vm_info: OpenJDK 64-Bit Server VM (25.242-b01) for windows-amd64 JRE (1.8.0_242-release-1644-b01), built by "builder" with MS VC++ 10.0 (VS2010)

time: Sat Jul 24 22:01:57 2021
timezone: SE Asia Standard Time
elapsed time: 5 seconds (0d 0h 0m 5s)

