#
# There is insufficient memory for the Java Runtime Environment to continue.
# Native memory allocation (malloc) failed to allocate 941152 bytes for Chunk::new
# Possible reasons:
#   The system is out of physical RAM or swap space
#   The process is running with CompressedOops enabled, and the Java Heap may be blocking the growth of the native heap
# Possible solutions:
#   Reduce memory load on the system
#   Increase physical memory or swap space
#   Check if swap backing store is full
#   Decrease Java heap size (-Xmx/-Xms)
#   Decrease number of Java threads
#   Decrease Java thread stack sizes (-Xss)
#   Set larger code cache with -XX:ReservedCodeCacheSize=
#   JVM is running with Unscaled Compressed Oops mode in which the Java heap is
#     placed in the first 4GB address space. The Java Heap base address is the
#     maximum limit for the native heap growth. Please use -XX:HeapBaseMinAddress
#     to set the Java Heap base and to place the Java Heap above 4GB virtual address.
# This output file may be truncated or incomplete.
#
#  Out of Memory Error (allocation.cpp:389), pid=12504, tid=0x0000000000001a94
#
# JRE version: OpenJDK Runtime Environment (8.0_242-b01) (build 1.8.0_242-release-1644-b01)
# Java VM: OpenJDK 64-Bit Server VM (25.242-b01 mixed mode windows-amd64 compressed oops)
# Failed to write core dump. Minidumps are not enabled by default on client versions of Windows
#

---------------  T H R E A D  ---------------

Current thread (0x00000000159fb800):  JavaThread "C2 CompilerThread1" daemon [_thread_in_native, id=6804, stack(0x0000000017140000,0x0000000017240000)]

Stack: [0x0000000017140000,0x0000000017240000]
[error occurred during error reporting (printing stack bounds), id 0xc0000005]

Native frames: (J=compiled Java code, j=interpreted, Vv=VM code, C=native code)


Current CompileTask:
C2:  59328 5526   !   4       java.lang.reflect.Executable::sharedToGenericString (329 bytes)


---------------  P R O C E S S  ---------------

Java Threads: ( => current thread )
  0x0000000018eaf800 JavaThread "jar transforms Thread 94" [_thread_blocked, id=12344, stack(0x00000000268d0000,0x00000000269d0000)]
  0x0000000018eae800 JavaThread "jar transforms Thread 93" [_thread_blocked, id=12764, stack(0x00000000267d0000,0x00000000268d0000)]
  0x0000000018eb0000 JavaThread "jar transforms Thread 92" [_thread_blocked, id=9656, stack(0x00000000266d0000,0x00000000267d0000)]
  0x0000000018ea7800 JavaThread "jar transforms Thread 91" [_thread_blocked, id=6624, stack(0x00000000265d0000,0x00000000266d0000)]
  0x0000000018eae000 JavaThread "jar transforms Thread 90" [_thread_blocked, id=13260, stack(0x00000000264d0000,0x00000000265d0000)]
  0x0000000018eaa000 JavaThread "jar transforms Thread 89" [_thread_blocked, id=12420, stack(0x00000000263d0000,0x00000000264d0000)]
  0x0000000018eac800 JavaThread "jar transforms Thread 88" [_thread_blocked, id=7564, stack(0x00000000262d0000,0x00000000263d0000)]
  0x0000000018ea7000 JavaThread "jar transforms Thread 87" [_thread_blocked, id=12472, stack(0x00000000261d0000,0x00000000262d0000)]
  0x0000000018ead000 JavaThread "jar transforms Thread 86" [_thread_blocked, id=4148, stack(0x00000000260d0000,0x00000000261d0000)]
  0x0000000018ea4800 JavaThread "jar transforms Thread 85" [_thread_blocked, id=7976, stack(0x0000000025fd0000,0x00000000260d0000)]
  0x0000000018ea5800 JavaThread "jar transforms Thread 84" [_thread_blocked, id=12868, stack(0x0000000025ed0000,0x0000000025fd0000)]
  0x0000000018ea8800 JavaThread "jar transforms Thread 83" [_thread_blocked, id=10444, stack(0x0000000025dd0000,0x0000000025ed0000)]
  0x0000000018ea9000 JavaThread "jar transforms Thread 82" [_thread_blocked, id=12688, stack(0x0000000025cd0000,0x0000000025dd0000)]
  0x0000000018eab800 JavaThread "jar transforms Thread 81" [_thread_blocked, id=10060, stack(0x0000000025bd0000,0x0000000025cd0000)]
  0x0000000018ea4000 JavaThread "jar transforms Thread 80" [_thread_blocked, id=12520, stack(0x0000000025ad0000,0x0000000025bd0000)]
  0x0000000018ea6000 JavaThread "jar transforms Thread 79" [_thread_blocked, id=13180, stack(0x00000000259d0000,0x0000000025ad0000)]
  0x0000000018eaa800 JavaThread "jar transforms Thread 78" [_thread_blocked, id=13148, stack(0x00000000258d0000,0x00000000259d0000)]
  0x0000000018ea3000 JavaThread "jar transforms Thread 77" [_thread_blocked, id=12660, stack(0x00000000257d0000,0x00000000258d0000)]
  0x000000001e71f800 JavaThread "jar transforms Thread 76" [_thread_blocked, id=13192, stack(0x00000000256d0000,0x00000000257d0000)]
  0x000000001e71e000 JavaThread "jar transforms Thread 75" [_thread_blocked, id=12988, stack(0x00000000255d0000,0x00000000256d0000)]
  0x000000001e71c800 JavaThread "jar transforms Thread 74" [_thread_blocked, id=1164, stack(0x00000000254d0000,0x00000000255d0000)]
  0x000000001e71b800 JavaThread "jar transforms Thread 73" [_thread_blocked, id=12624, stack(0x00000000253d0000,0x00000000254d0000)]
  0x000000001e71d000 JavaThread "jar transforms Thread 72" [_thread_blocked, id=13244, stack(0x00000000252d0000,0x00000000253d0000)]
  0x000000001e720000 JavaThread "jar transforms Thread 71" [_thread_blocked, id=12500, stack(0x00000000251d0000,0x00000000252d0000)]
  0x000000001e71e800 JavaThread "jar transforms Thread 70" [_thread_blocked, id=6136, stack(0x00000000250d0000,0x00000000251d0000)]
  0x000000001e714000 JavaThread "jar transforms Thread 69" [_thread_blocked, id=12348, stack(0x0000000024fd0000,0x00000000250d0000)]
  0x000000001e71b000 JavaThread "jar transforms Thread 68" [_thread_blocked, id=9560, stack(0x0000000024ed0000,0x0000000024fd0000)]
  0x000000001e71a000 JavaThread "jar transforms Thread 67" [_thread_blocked, id=12580, stack(0x0000000024dd0000,0x0000000024ed0000)]
  0x000000001e713800 JavaThread "jar transforms Thread 66" [_thread_blocked, id=8244, stack(0x0000000024cd0000,0x0000000024dd0000)]
  0x000000001e712800 JavaThread "jar transforms Thread 65" [_thread_blocked, id=12964, stack(0x0000000024bd0000,0x0000000024cd0000)]
  0x000000001e719800 JavaThread "jar transforms Thread 64" [_thread_blocked, id=2028, stack(0x0000000024ad0000,0x0000000024bd0000)]
  0x000000001e715000 JavaThread "jar transforms Thread 63" [_thread_blocked, id=13304, stack(0x00000000249d0000,0x0000000024ad0000)]
  0x000000001e718800 JavaThread "jar transforms Thread 62" [_thread_blocked, id=12936, stack(0x00000000248d0000,0x00000000249d0000)]
  0x000000001e717000 JavaThread "jar transforms Thread 61" [_thread_blocked, id=12156, stack(0x00000000247d0000,0x00000000248d0000)]
  0x000000001e718000 JavaThread "jar transforms Thread 60" [_thread_blocked, id=8628, stack(0x00000000246d0000,0x00000000247d0000)]
  0x000000001e716800 JavaThread "jar transforms Thread 59" [_thread_blocked, id=7860, stack(0x00000000245d0000,0x00000000246d0000)]
  0x000000001e712000 JavaThread "jar transforms Thread 58" [_thread_blocked, id=10516, stack(0x00000000244d0000,0x00000000245d0000)]
  0x000000001e711000 JavaThread "jar transforms Thread 57" [_thread_blocked, id=12696, stack(0x00000000243d0000,0x00000000244d0000)]
  0x000000001e715800 JavaThread "jar transforms Thread 56" [_thread_blocked, id=360, stack(0x00000000242d0000,0x00000000243d0000)]
  0x0000000018c91800 JavaThread "jar transforms Thread 55" [_thread_blocked, id=7276, stack(0x00000000241d0000,0x00000000242d0000)]
  0x0000000018c90800 JavaThread "jar transforms Thread 54" [_thread_blocked, id=9388, stack(0x00000000240d0000,0x00000000241d0000)]
  0x0000000018c94000 JavaThread "jar transforms Thread 53" [_thread_blocked, id=1008, stack(0x0000000023fd0000,0x00000000240d0000)]
  0x0000000018c93000 JavaThread "jar transforms Thread 52" [_thread_blocked, id=1452, stack(0x0000000023ed0000,0x0000000023fd0000)]
  0x0000000018c92800 JavaThread "jar transforms Thread 51" [_thread_blocked, id=628, stack(0x0000000023dd0000,0x0000000023ed0000)]
  0x0000000018c8f000 JavaThread "jar transforms Thread 50" [_thread_blocked, id=12632, stack(0x0000000023cd0000,0x0000000023dd0000)]
  0x0000000018c90000 JavaThread "jar transforms Thread 49" [_thread_blocked, id=5188, stack(0x0000000023bd0000,0x0000000023cd0000)]
  0x0000000018c8e800 JavaThread "jar transforms Thread 48" [_thread_blocked, id=11448, stack(0x0000000023ad0000,0x0000000023bd0000)]
  0x0000000018c87000 JavaThread "jar transforms Thread 47" [_thread_blocked, id=7684, stack(0x00000000239d0000,0x0000000023ad0000)]
  0x0000000018c8d800 JavaThread "jar transforms Thread 46" [_thread_blocked, id=12584, stack(0x00000000238d0000,0x00000000239d0000)]
  0x0000000018c8d000 JavaThread "jar transforms Thread 45" [_thread_blocked, id=12496, stack(0x00000000237d0000,0x00000000238d0000)]
  0x0000000018c8a800 JavaThread "jar transforms Thread 44" [_thread_blocked, id=7364, stack(0x00000000236d0000,0x00000000237d0000)]
  0x0000000018c8c000 JavaThread "jar transforms Thread 43" [_thread_blocked, id=1336, stack(0x00000000235d0000,0x00000000236d0000)]
  0x0000000018c85800 JavaThread "jar transforms Thread 42" [_thread_blocked, id=12112, stack(0x00000000234d0000,0x00000000235d0000)]
  0x0000000018c88800 JavaThread "jar transforms Thread 41" [_thread_blocked, id=7308, stack(0x00000000233d0000,0x00000000234d0000)]
  0x0000000018c87800 JavaThread "jar transforms Thread 40" [_thread_blocked, id=12992, stack(0x00000000232d0000,0x00000000233d0000)]
  0x0000000018c84800 JavaThread "jar transforms Thread 39" [_thread_blocked, id=11360, stack(0x00000000231d0000,0x00000000232d0000)]
  0x0000000018c8b800 JavaThread "jar transforms Thread 38" [_thread_blocked, id=8896, stack(0x00000000230d0000,0x00000000231d0000)]
  0x0000000018c8a000 JavaThread "jar transforms Thread 37" [_thread_blocked, id=10684, stack(0x0000000022fd0000,0x00000000230d0000)]
  0x0000000018c89000 JavaThread "jar transforms Thread 36" [_thread_blocked, id=4572, stack(0x0000000022ed0000,0x0000000022fd0000)]
  0x0000000018c86000 JavaThread "jar transforms Thread 35" [_thread_blocked, id=12956, stack(0x0000000022dd0000,0x0000000022ed0000)]
  0x00000000185e5000 JavaThread "jar transforms Thread 34" [_thread_blocked, id=12312, stack(0x0000000022cd0000,0x0000000022dd0000)]
  0x00000000185e4800 JavaThread "jar transforms Thread 33" [_thread_blocked, id=8512, stack(0x0000000022bd0000,0x0000000022cd0000)]
  0x00000000185e3800 JavaThread "jar transforms Thread 32" [_thread_blocked, id=6344, stack(0x0000000022ad0000,0x0000000022bd0000)]
  0x00000000185e3000 JavaThread "jar transforms Thread 31" [_thread_blocked, id=12004, stack(0x00000000229d0000,0x0000000022ad0000)]
  0x00000000185e2000 JavaThread "jar transforms Thread 30" [_thread_blocked, id=12652, stack(0x00000000228d0000,0x00000000229d0000)]
  0x00000000185da800 JavaThread "jar transforms Thread 29" [_thread_blocked, id=11604, stack(0x00000000227d0000,0x00000000228d0000)]
  0x00000000185e1800 JavaThread "jar transforms Thread 28" [_thread_blocked, id=13284, stack(0x00000000226d0000,0x00000000227d0000)]
  0x00000000185de800 JavaThread "jar transforms Thread 27" [_thread_blocked, id=13000, stack(0x00000000225d0000,0x00000000226d0000)]
  0x00000000185dd000 JavaThread "jar transforms Thread 26" [_thread_blocked, id=12216, stack(0x00000000224d0000,0x00000000225d0000)]
  0x00000000185e0800 JavaThread "jar transforms Thread 25" [_thread_blocked, id=12508, stack(0x00000000223d0000,0x00000000224d0000)]
  0x00000000185e0000 JavaThread "jar transforms Thread 24" [_thread_blocked, id=8656, stack(0x00000000222d0000,0x00000000223d0000)]
  0x00000000185d9000 JavaThread "jar transforms Thread 23" [_thread_blocked, id=6584, stack(0x00000000221d0000,0x00000000222d0000)]
  0x00000000185d8800 JavaThread "jar transforms Thread 22" [_thread_blocked, id=10116, stack(0x00000000220d0000,0x00000000221d0000)]
  0x00000000185df000 JavaThread "jar transforms Thread 21" [_thread_blocked, id=9120, stack(0x0000000021fd0000,0x00000000220d0000)]
  0x00000000185da000 JavaThread "Build operations Thread 4" [_thread_blocked, id=11804, stack(0x0000000021cd0000,0x0000000021dd0000)]
  0x00000000185dc000 JavaThread "Build operations Thread 3" [_thread_blocked, id=7240, stack(0x0000000021bd0000,0x0000000021cd0000)]
  0x00000000185d7000 JavaThread "Build operations Thread 2" [_thread_blocked, id=12572, stack(0x0000000021ad0000,0x0000000021bd0000)]
  0x00000000185d7800 JavaThread "Build operations" [_thread_blocked, id=9468, stack(0x0000000001680000,0x0000000001780000)]
  0x00000000185db800 JavaThread "Cache worker for Build Output Cleanup Cache (E:\APP\Flutter_app\CF_ChatApp\.gradle\buildOutputCleanup)" [_thread_blocked, id=5840, stack(0x00000000210e0000,0x00000000211e0000)]
  0x00000000189d0000 JavaThread "Cache worker for file content cache (C:\Users\peter\.gradle\wrapper\dists\gradle-5.6.2-all\caches\6.5\fileContent)" [_thread_blocked, id=13076, stack(0x0000000020fe0000,0x00000000210e0000)]
  0x00000000189cd000 JavaThread "Cache worker for execution history cache (C:\Users\peter\.gradle\wrapper\dists\gradle-5.6.2-all\caches\6.5\executionHistory)" [_thread_blocked, id=8976, stack(0x0000000020ae0000,0x0000000020be0000)]
  0x00000000189cc800 JavaThread "Cache worker for cache directory md-rule (C:\Users\peter\.gradle\wrapper\dists\gradle-5.6.2-all\caches\6.5\md-rule)" [_thread_blocked, id=10292, stack(0x00000000207e0000,0x00000000208e0000)]
  0x00000000189cb800 JavaThread "Cache worker for cache directory md-supplier (C:\Users\peter\.gradle\wrapper\dists\gradle-5.6.2-all\caches\6.5\md-supplier)" [_thread_blocked, id=3264, stack(0x00000000206e0000,0x00000000207e0000)]
  0x00000000189c4000 JavaThread "Cache worker for checksums cache (E:\APP\Flutter_app\CF_ChatApp\.gradle\checksums)" [_thread_blocked, id=12480, stack(0x00000000205e0000,0x00000000206e0000)]
  0x00000000189cb000 JavaThread "jar transforms Thread 20" [_thread_blocked, id=2636, stack(0x00000000202e0000,0x00000000203e0000)]
  0x00000000189ca000 JavaThread "jar transforms Thread 19" [_thread_blocked, id=12852, stack(0x00000000200e0000,0x00000000201e0000)]
  0x00000000189c2800 JavaThread "jar transforms Thread 18" [_thread_blocked, id=3944, stack(0x000000001ffe0000,0x00000000200e0000)]
  0x00000000189c9800 JavaThread "jar transforms Thread 17" [_thread_blocked, id=6912, stack(0x000000001fee0000,0x000000001ffe0000)]
  0x00000000189c3800 JavaThread "jar transforms Thread 16" [_thread_blocked, id=12760, stack(0x000000001fde0000,0x000000001fee0000)]
  0x00000000189c2000 JavaThread "jar transforms Thread 15" [_thread_blocked, id=3688, stack(0x000000001fce0000,0x000000001fde0000)]
  0x00000000189c8800 JavaThread "jar transforms Thread 14" [_thread_blocked, id=13056, stack(0x000000001fbe0000,0x000000001fce0000)]
  0x00000000189c8000 JavaThread "jar transforms Thread 13" [_thread_blocked, id=7588, stack(0x000000001fae0000,0x000000001fbe0000)]
  0x00000000189c1000 JavaThread "jar transforms Thread 12" [_thread_blocked, id=7648, stack(0x000000001f9e0000,0x000000001fae0000)]
  0x00000000189c7000 JavaThread "jar transforms Thread 11" [_thread_blocked, id=11316, stack(0x000000001f8e0000,0x000000001f9e0000)]
  0x00000000189c5000 JavaThread "jar transforms Thread 10" [_thread_blocked, id=1304, stack(0x000000001f7e0000,0x000000001f8e0000)]
  0x00000000189c5800 JavaThread "jar transforms Thread 9" [_thread_blocked, id=9044, stack(0x000000001f6e0000,0x000000001f7e0000)]
  0x00000000189c6800 JavaThread "jar transforms Thread 8" [_thread_blocked, id=12980, stack(0x000000001f5e0000,0x000000001f6e0000)]
  0x0000000018d01000 JavaThread "jar transforms Thread 7" [_thread_blocked, id=9508, stack(0x000000001f4e0000,0x000000001f5e0000)]
  0x0000000018cff800 JavaThread "jar transforms Thread 6" [_thread_blocked, id=12952, stack(0x000000001f3e0000,0x000000001f4e0000)]
  0x0000000018cfe000 JavaThread "jar transforms Thread 5" [_thread_blocked, id=7216, stack(0x000000001e300000,0x000000001e400000)]
  0x0000000018cff000 JavaThread "jar transforms Thread 4" [_thread_blocked, id=12844, stack(0x000000001e200000,0x000000001e300000)]
  0x0000000018cfa800 JavaThread "jar transforms Thread 3" [_thread_blocked, id=7420, stack(0x000000001e100000,0x000000001e200000)]
  0x0000000018cfb000 JavaThread "jar transforms Thread 2" [_thread_blocked, id=1824, stack(0x000000001e000000,0x000000001e100000)]
  0x0000000018cfc000 JavaThread "jar transforms" [_thread_blocked, id=11832, stack(0x000000001df00000,0x000000001e000000)]
  0x0000000018cfd800 JavaThread "Cache worker for file hash cache (E:\APP\Flutter_app\CF_ChatApp\.gradle\6.5\fileHashes)" [_thread_blocked, id=12468, stack(0x000000001de00000,0x000000001df00000)]
  0x0000000018cfc800 JavaThread "Cache worker for file hash cache (C:\Users\peter\.gradle\wrapper\dists\gradle-5.6.2-all\caches\6.5\fileHashes)" [_thread_blocked, id=12620, stack(0x000000001c930000,0x000000001ca30000)]
  0x0000000018d00800 JavaThread "File lock request listener" [_thread_in_native, id=12380, stack(0x000000001b860000,0x000000001b960000)]
  0x00000000174c3800 JavaThread "Cache worker for journal cache (C:\Users\peter\.gradle\wrapper\dists\gradle-5.6.2-all\caches\journal-1)" [_thread_blocked, id=12440, stack(0x000000001b760000,0x000000001b860000)]
  0x00000000186f2000 JavaThread "Thread-9" [_thread_blocked, id=6424, stack(0x000000001b460000,0x000000001b560000)]
  0x0000000018326800 JavaThread "Stdin handler" [_thread_blocked, id=7028, stack(0x000000001b360000,0x000000001b460000)]
  0x00000000186f3000 JavaThread "Asynchronous log dispatcher for DefaultDaemonConnection: socket connection from /127.0.0.1:59599 to /127.0.0.1:59600" [_thread_blocked, id=8404, stack(0x000000001b260000,0x000000001b360000)]
  0x00000000187b4800 JavaThread "Daemon worker" [_thread_in_Java, id=12904, stack(0x000000001b160000,0x000000001b260000)]
  0x0000000017570800 JavaThread "Cancel handler" [_thread_blocked, id=6668, stack(0x000000001b060000,0x000000001b160000)]
  0x0000000018d18000 JavaThread "Handler for socket connection from /127.0.0.1:59599 to /127.0.0.1:59600" [_thread_in_native, id=12880, stack(0x000000001af60000,0x000000001b060000)]
  0x0000000018d16800 JavaThread "Daemon" [_thread_blocked, id=7300, stack(0x000000001ae60000,0x000000001af60000)]
  0x0000000018633800 JavaThread "Daemon periodic checks" [_thread_blocked, id=12712, stack(0x000000001ab60000,0x000000001ac60000)]
  0x0000000018adc800 JavaThread "Incoming local TCP Connector on port 59599" [_thread_in_native, id=12804, stack(0x000000001a920000,0x000000001aa20000)]
  0x0000000019499000 JavaThread "Daemon health stats" [_thread_blocked, id=6328, stack(0x000000001a2e0000,0x000000001a3e0000)]
  0x000000001736b000 JavaThread "Service Thread" daemon [_thread_blocked, id=11908, stack(0x0000000017740000,0x0000000017840000)]
  0x0000000015a02000 JavaThread "C1 CompilerThread2" daemon [_thread_blocked, id=12648, stack(0x0000000017240000,0x0000000017340000)]
=>0x00000000159fb800 JavaThread "C2 CompilerThread1" daemon [_thread_in_native, id=6804, stack(0x0000000017140000,0x0000000017240000)]
  0x00000000159f7800 JavaThread "C2 CompilerThread0" daemon [_thread_in_native, id=13152, stack(0x0000000017040000,0x0000000017140000)]
  0x00000000159f4800 JavaThread "Attach Listener" daemon [_thread_blocked, id=12512, stack(0x0000000016f40000,0x0000000017040000)]
  0x00000000159f1000 JavaThread "Signal Dispatcher" daemon [_thread_blocked, id=12460, stack(0x0000000016e40000,0x0000000016f40000)]
  0x000000000331b800 JavaThread "Finalizer" daemon [_thread_blocked, id=12204, stack(0x0000000016c40000,0x0000000016d40000)]
  0x00000000159d9000 JavaThread "Reference Handler" daemon [_thread_blocked, id=2044, stack(0x0000000016b40000,0x0000000016c40000)]
  0x000000000321e800 JavaThread "main" [_thread_blocked, id=8168, stack(0x00000000030d0000,0x00000000031d0000)]

Other Threads:
  0x00000000159b7800 VMThread [stack: 0x0000000016a40000,0x0000000016b40000] [id=12872]
  0x000000001736c000 WatcherThread [stack: 0x0000000017840000,0x0000000017940000] [id=12796]

VM state:not at safepoint (normal execution)

VM Mutex/Monitor currently owned by a thread: None

heap address: 0x00000000c0000000, size: 1024 MB, Compressed Oops mode: 32-bit
Narrow klass base: 0x0000000000000000, Narrow klass shift: 3
Compressed class space size: 1073741824 Address: 0x0000000100000000

Heap:
 PSYoungGen      total 88064K, used 61196K [0x00000000eab00000, 0x00000000f2600000, 0x0000000100000000)
  eden space 73216K, 83% used [0x00000000eab00000,0x00000000ee6c32a8,0x00000000ef280000)
  from space 14848K, 0% used [0x00000000ef280000,0x00000000ef280000,0x00000000f0100000)
  to   space 14336K, 0% used [0x00000000f1800000,0x00000000f1800000,0x00000000f2600000)
 ParOldGen       total 120320K, used 32651K [0x00000000c0000000, 0x00000000c7580000, 0x00000000eab00000)
  object space 120320K, 27% used [0x00000000c0000000,0x00000000c1fe2fb8,0x00000000c7580000)
 Metaspace       used 57820K, capacity 60360K, committed 60632K, reserved 1103872K
  class space    used 7923K, capacity 8408K, committed 8448K, reserved 1048576K

Card table byte_map: [0x00000000126e0000,0x00000000128f0000] byte_map_base: 0x00000000120e0000

Marking Bits: (ParMarkBitMap*) 0x0000000053dff030
 Begin Bits: [0x0000000012e50000, 0x0000000013e50000)
 End Bits:   [0x0000000013e50000, 0x0000000014e50000)

Polling page: 0x00000000018a0000

CodeCache: size=245760Kb used=17907Kb max_used=17907Kb free=227853Kb
 bounds [0x0000000003320000, 0x00000000044b0000, 0x0000000012320000]
 total_blobs=5825 nmethods=5054 adapters=683
 compilation: enabled

Compilation events (10 events):
Event: 59.302 Thread 0x0000000015a02000 5637  s    3       org.gradle.model.internal.core.ModelPath$Cache::get (39 bytes)
Event: 59.303 Thread 0x0000000015a02000 nmethod 5637 0x0000000004499d90 code [0x0000000004499f60, 0x000000000449a778]
Event: 59.305 Thread 0x0000000015a02000 5638       3       org.gradle.api.internal.tasks.DefaultTaskCollection::hasWithName (65 bytes)
Event: 59.307 Thread 0x0000000015a02000 nmethod 5638 0x000000000449aa90 code [0x000000000449ad20, 0x000000000449bdb8]
Event: 59.307 Thread 0x0000000015a02000 5639       3       org.gradle.model.internal.registry.DefaultModelRegistry::state (22 bytes)
Event: 59.307 Thread 0x0000000015a02000 nmethod 5639 0x000000000449c4d0 code [0x000000000449c660, 0x000000000449caf8]
Event: 59.307 Thread 0x0000000015a02000 5640       3       org.gradle.model.internal.core.ModelPath::compareTo (9 bytes)
Event: 59.307 Thread 0x0000000015a02000 nmethod 5640 0x000000000449cc90 code [0x000000000449ce00, 0x000000000449d228]
Event: 59.310 Thread 0x0000000015a02000 5641       3       java.net.URI::getPath (30 bytes)
Event: 59.310 Thread 0x0000000015a02000 nmethod 5641 0x000000000449d390 code [0x000000000449d500, 0x000000000449d728]

GC Heap History (10 events):
Event: 42.280 GC heap before
{Heap before GC invocations=18 (full 2):
 PSYoungGen      total 61440K, used 57969K [0x00000000eab00000, 0x00000000efe80000, 0x0000000100000000)
  eden space 51712K, 100% used [0x00000000eab00000,0x00000000edd80000,0x00000000edd80000)
  from space 9728K, 64% used [0x00000000edd80000,0x00000000ee39c620,0x00000000ee700000)
  to   space 9728K, 0% used [0x00000000ef500000,0x00000000ef500000,0x00000000efe80000)
 ParOldGen       total 90112K, used 17874K [0x00000000c0000000, 0x00000000c5800000, 0x00000000eab00000)
  object space 90112K, 19% used [0x00000000c0000000,0x00000000c1174890,0x00000000c5800000)
 Metaspace       used 45893K, capacity 48038K, committed 48344K, reserved 1091584K
  class space    used 6215K, capacity 6641K, committed 6656K, reserved 1048576K
Event: 42.308 GC heap after
Heap after GC invocations=18 (full 2):
 PSYoungGen      total 74240K, used 9713K [0x00000000eab00000, 0x00000000f0100000, 0x0000000100000000)
  eden space 64512K, 0% used [0x00000000eab00000,0x00000000eab00000,0x00000000eea00000)
  from space 9728K, 99% used [0x00000000ef500000,0x00000000efe7c410,0x00000000efe80000)
  to   space 11264K, 0% used [0x00000000eea00000,0x00000000eea00000,0x00000000ef500000)
 ParOldGen       total 90112K, used 19451K [0x00000000c0000000, 0x00000000c5800000, 0x00000000eab00000)
  object space 90112K, 21% used [0x00000000c0000000,0x00000000c12fed50,0x00000000c5800000)
 Metaspace       used 45893K, capacity 48038K, committed 48344K, reserved 1091584K
  class space    used 6215K, capacity 6641K, committed 6656K, reserved 1048576K
}
Event: 54.118 GC heap before
{Heap before GC invocations=19 (full 2):
 PSYoungGen      total 74240K, used 74225K [0x00000000eab00000, 0x00000000f0100000, 0x0000000100000000)
  eden space 64512K, 100% used [0x00000000eab00000,0x00000000eea00000,0x00000000eea00000)
  from space 9728K, 99% used [0x00000000ef500000,0x00000000efe7c410,0x00000000efe80000)
  to   space 11264K, 0% used [0x00000000eea00000,0x00000000eea00000,0x00000000ef500000)
 ParOldGen       total 90112K, used 19451K [0x00000000c0000000, 0x00000000c5800000, 0x00000000eab00000)
  object space 90112K, 21% used [0x00000000c0000000,0x00000000c12fed50,0x00000000c5800000)
 Metaspace       used 52236K, capacity 54428K, committed 54744K, reserved 1097728K
  class space    used 6967K, capacity 7360K, committed 7424K, reserved 1048576K
Event: 54.148 GC heap after
Heap after GC invocations=19 (full 2):
 PSYoungGen      total 75776K, used 10289K [0x00000000eab00000, 0x00000000f0d80000, 0x0000000100000000)
  eden space 64512K, 0% used [0x00000000eab00000,0x00000000eab00000,0x00000000eea00000)
  from space 11264K, 91% used [0x00000000eea00000,0x00000000ef40c7b0,0x00000000ef500000)
  to   space 12800K, 0% used [0x00000000f0100000,0x00000000f0100000,0x00000000f0d80000)
 ParOldGen       total 90112K, used 24361K [0x00000000c0000000, 0x00000000c5800000, 0x00000000eab00000)
  object space 90112K, 27% used [0x00000000c0000000,0x00000000c17ca4a0,0x00000000c5800000)
 Metaspace       used 52236K, capacity 54428K, committed 54744K, reserved 1097728K
  class space    used 6967K, capacity 7360K, committed 7424K, reserved 1048576K
}
Event: 57.378 GC heap before
{Heap before GC invocations=20 (full 2):
 PSYoungGen      total 75776K, used 74801K [0x00000000eab00000, 0x00000000f0d80000, 0x0000000100000000)
  eden space 64512K, 100% used [0x00000000eab00000,0x00000000eea00000,0x00000000eea00000)
  from space 11264K, 91% used [0x00000000eea00000,0x00000000ef40c7b0,0x00000000ef500000)
  to   space 12800K, 0% used [0x00000000f0100000,0x00000000f0100000,0x00000000f0d80000)
 ParOldGen       total 90112K, used 24361K [0x00000000c0000000, 0x00000000c5800000, 0x00000000eab00000)
  object space 90112K, 27% used [0x00000000c0000000,0x00000000c17ca4a0,0x00000000c5800000)
 Metaspace       used 56129K, capacity 58568K, committed 58840K, reserved 1099776K
  class space    used 7634K, capacity 8137K, committed 8192K, reserved 1048576K
Event: 57.402 GC heap after
Heap after GC invocations=20 (full 2):
 PSYoungGen      total 86016K, used 12780K [0x00000000eab00000, 0x00000000f1180000, 0x0000000100000000)
  eden space 73216K, 0% used [0x00000000eab00000,0x00000000eab00000,0x00000000ef280000)
  from space 12800K, 99% used [0x00000000f0100000,0x00000000f0d7b340,0x00000000f0d80000)
  to   space 14848K, 0% used [0x00000000ef280000,0x00000000ef280000,0x00000000f0100000)
 ParOldGen       total 90112K, used 25995K [0x00000000c0000000, 0x00000000c5800000, 0x00000000eab00000)
  object space 90112K, 28% used [0x00000000c0000000,0x00000000c1962db0,0x00000000c5800000)
 Metaspace       used 56129K, capacity 58568K, committed 58840K, reserved 1099776K
  class space    used 7634K, capacity 8137K, committed 8192K, reserved 1048576K
}
Event: 57.567 GC heap before
{Heap before GC invocations=21 (full 2):
 PSYoungGen      total 86016K, used 15568K [0x00000000eab00000, 0x00000000f1180000, 0x0000000100000000)
  eden space 73216K, 3% used [0x00000000eab00000,0x00000000eadb8f90,0x00000000ef280000)
  from space 12800K, 99% used [0x00000000f0100000,0x00000000f0d7b340,0x00000000f0d80000)
  to   space 14848K, 0% used [0x00000000ef280000,0x00000000ef280000,0x00000000f0100000)
 ParOldGen       total 90112K, used 25995K [0x00000000c0000000, 0x00000000c5800000, 0x00000000eab00000)
  object space 90112K, 28% used [0x00000000c0000000,0x00000000c1962db0,0x00000000c5800000)
 Metaspace       used 56345K, capacity 58850K, committed 58968K, reserved 1099776K
  class space    used 7667K, capacity 8206K, committed 8320K, reserved 1048576K
Event: 57.590 GC heap after
Heap after GC invocations=21 (full 2):
 PSYoungGen      total 88064K, used 4954K [0x00000000eab00000, 0x00000000f2600000, 0x0000000100000000)
  eden space 73216K, 0% used [0x00000000eab00000,0x00000000eab00000,0x00000000ef280000)
  from space 14848K, 33% used [0x00000000ef280000,0x00000000ef7569d8,0x00000000f0100000)
  to   space 14336K, 0% used [0x00000000f1800000,0x00000000f1800000,0x00000000f2600000)
 ParOldGen       total 90112K, used 32472K [0x00000000c0000000, 0x00000000c5800000, 0x00000000eab00000)
  object space 90112K, 36% used [0x00000000c0000000,0x00000000c1fb6268,0x00000000c5800000)
 Metaspace       used 56345K, capacity 58850K, committed 58968K, reserved 1099776K
  class space    used 7667K, capacity 8206K, committed 8320K, reserved 1048576K
}
Event: 57.590 GC heap before
{Heap before GC invocations=22 (full 3):
 PSYoungGen      total 88064K, used 4954K [0x00000000eab00000, 0x00000000f2600000, 0x0000000100000000)
  eden space 73216K, 0% used [0x00000000eab00000,0x00000000eab00000,0x00000000ef280000)
  from space 14848K, 33% used [0x00000000ef280000,0x00000000ef7569d8,0x00000000f0100000)
  to   space 14336K, 0% used [0x00000000f1800000,0x00000000f1800000,0x00000000f2600000)
 ParOldGen       total 90112K, used 32472K [0x00000000c0000000, 0x00000000c5800000, 0x00000000eab00000)
  object space 90112K, 36% used [0x00000000c0000000,0x00000000c1fb6268,0x00000000c5800000)
 Metaspace       used 56345K, capacity 58850K, committed 58968K, reserved 1099776K
  class space    used 7667K, capacity 8206K, committed 8320K, reserved 1048576K
Event: 58.110 GC heap after
Heap after GC invocations=22 (full 3):
 PSYoungGen      total 88064K, used 0K [0x00000000eab00000, 0x00000000f2600000, 0x0000000100000000)
  eden space 73216K, 0% used [0x00000000eab00000,0x00000000eab00000,0x00000000ef280000)
  from space 14848K, 0% used [0x00000000ef280000,0x00000000ef280000,0x00000000f0100000)
  to   space 14336K, 0% used [0x00000000f1800000,0x00000000f1800000,0x00000000f2600000)
 ParOldGen       total 120320K, used 32651K [0x00000000c0000000, 0x00000000c7580000, 0x00000000eab00000)
  object space 120320K, 27% used [0x00000000c0000000,0x00000000c1fe2fb8,0x00000000c7580000)
 Metaspace       used 56336K, capacity 58820K, committed 58968K, reserved 1099776K
  class space    used 7665K, capacity 8201K, committed 8320K, reserved 1048576K
}

Deoptimization events (10 events):
Event: 54.634 Thread 0x00000000187b4800 Uncommon trap: reason=null_check action=make_not_entrant pc=0x0000000003a8afe0 method=java.lang.Class.searchMethods([Ljava/lang/reflect/Method;Ljava/lang/String;[Ljava/lang/Class;)Ljava/lang/reflect/Method; @ 59
Event: 54.842 Thread 0x00000000187b4800 Uncommon trap: reason=unstable_if action=reinterpret pc=0x00000000042b72f0 method=groovy.lang.MetaClassImpl.filterPropertyMethod(Ljava/lang/Object;ZZ)Ljava/lang/Object; @ 72
Event: 57.237 Thread 0x00000000187b4800 Uncommon trap: reason=unstable_if action=reinterpret pc=0x00000000037f3328 method=sun.misc.MetaIndex.mayContain(Ljava/lang/String;)Z @ 38
Event: 57.262 Thread 0x00000000187b4800 Uncommon trap: reason=unstable_if action=reinterpret pc=0x000000000427ae84 method=java.security.CodeSource.hashCode()I @ 4
Event: 57.262 Thread 0x00000000187b4800 Uncommon trap: reason=unstable_if action=reinterpret pc=0x0000000003d2f08c method=java.security.CodeSource.hashCode()I @ 4
Event: 58.537 Thread 0x00000000187b4800 Uncommon trap: reason=unstable_if action=reinterpret pc=0x000000000424be6c method=java.lang.Class$MethodArray.removeLessSpecifics()V @ 25
Event: 58.541 Thread 0x00000000187b4800 Uncommon trap: reason=unstable_if action=reinterpret pc=0x0000000003e8f7f0 method=org.codehaus.groovy.runtime.metaclass.MetaMethodIndex.addMethodToList(Ljava/lang/Object;Lgroovy/lang/MetaMethod;)Ljava/lang/Object; @ 256
Event: 58.541 Thread 0x00000000187b4800 Uncommon trap: reason=unstable_if action=reinterpret pc=0x000000000426ae2c method=org.codehaus.groovy.runtime.metaclass.MetaMethodIndex.addMethodToList(Ljava/lang/Object;Lgroovy/lang/MetaMethod;)Ljava/lang/Object; @ 256
Event: 59.157 Thread 0x00000000187b4800 Uncommon trap: reason=unstable_if action=reinterpret pc=0x0000000004070500 method=java.lang.reflect.AccessibleObject.setAccessible0(Ljava/lang/reflect/AccessibleObject;Z)V @ 23
Event: 59.238 Thread 0x00000000187b4800 Uncommon trap: reason=unstable_if action=reinterpret pc=0x00000000036f76a4 method=java.util.Collections$SetFromMap.remove(Ljava/lang/Object;)Z @ 10

Classes redefined (0 events):
No events

Internal exceptions (10 events):
Event: 58.983 Thread 0x00000000187b4800 Exception <a 'java/lang/ClassNotFoundException': org/gradle/api/internal/artifacts/configurations/DefaultConfiguration$ConfigurationResolvableDependenciesBeanInfo> (0x00000000ed667cb8) thrown at [C:\src\AOSP-openjdk-git\hotspot\src\share\vm\classfile\syst
Event: 58.984 Thread 0x00000000187b4800 Exception <a 'java/lang/ClassNotFoundException': org/gradle/api/internal/artifacts/configurations/DefaultConfiguration$ConfigurationResolvableDependenciesCustomizer> (0x00000000ed6b4e40) thrown at [C:\src\AOSP-openjdk-git\hotspot\src\share\vm\classfile\sy
Event: 58.986 Thread 0x00000000187b4800 Exception <a 'java/lang/ClassNotFoundException': org/gradle/api/internal/artifacts/configurations/DefaultConfiguration$ConfigurationResolvableDependencies_DecoratedCustomizer> (0x00000000ed71c5f8) thrown at [C:\src\AOSP-openjdk-git\hotspot\src\share\vm\cl
Event: 59.155 Thread 0x00000000187b4800 Exception <a 'java/lang/ClassNotFoundException': org/jetbrains/plugins/gradle/model/web/WebConfigurationBeanInfo> (0x00000000edbc6400) thrown at [C:\src\AOSP-openjdk-git\hotspot\src\share\vm\classfile\systemDictionary.cpp, line 210]
Event: 59.156 Thread 0x00000000187b4800 Exception <a 'java/lang/ClassNotFoundException': org/jetbrains/plugins/gradle/model/web/WebConfigurationCustomizer> (0x00000000edbd9298) thrown at [C:\src\AOSP-openjdk-git\hotspot\src\share\vm\classfile\systemDictionary.cpp, line 210]
Event: 59.157 Thread 0x00000000187b4800 Exception <a 'java/lang/SecurityException'> (0x00000000edbee7e0) thrown at [C:\src\AOSP-openjdk-git\hotspot\src\share\vm\prims\jvm.cpp, line 1506]
Event: 59.159 Thread 0x00000000187b4800 Exception <a 'java/lang/ClassNotFoundException': java/lang/ClassBeanInfo> (0x00000000edc08b00) thrown at [C:\src\AOSP-openjdk-git\hotspot\src\share\vm\classfile\systemDictionary.cpp, line 210]
Event: 59.160 Thread 0x00000000187b4800 Exception <a 'java/lang/ClassNotFoundException': java/lang/ClassCustomizer> (0x00000000edc111b8) thrown at [C:\src\AOSP-openjdk-git\hotspot\src\share\vm\classfile\systemDictionary.cpp, line 210]
Event: 59.171 Thread 0x00000000187b4800 Exception <a 'java/lang/ClassNotFoundException': org/jetbrains/plugins/gradle/model/scala/ScalaModelBeanInfo> (0x00000000edcac2a8) thrown at [C:\src\AOSP-openjdk-git\hotspot\src\share\vm\classfile\systemDictionary.cpp, line 210]
Event: 59.173 Thread 0x00000000187b4800 Exception <a 'java/lang/ClassNotFoundException': org/jetbrains/plugins/gradle/model/scala/ScalaModelCustomizer> (0x00000000edcbe9b0) thrown at [C:\src\AOSP-openjdk-git\hotspot\src\share\vm\classfile\systemDictionary.cpp, line 210]

Events (10 events):
Event: 59.303 loading class org/gradle/plugins/ide/internal/IdePlugin$6
Event: 59.303 loading class org/gradle/plugins/ide/internal/IdePlugin$6 done
Event: 59.304 loading class org/gradle/plugins/ide/internal/IdePlugin$3
Event: 59.304 loading class org/gradle/plugins/ide/internal/IdePlugin$3 done
Event: 59.305 loading class org/gradle/plugins/ide/internal/IdePlugin$4
Event: 59.305 loading class org/gradle/plugins/ide/internal/IdePlugin$4 done
Event: 59.307 loading class org/gradle/plugins/ide/idea/model/Project
Event: 59.307 loading class org/gradle/plugins/ide/idea/model/Project done
Event: 59.311 loading class org/gradle/plugins/ide/idea/model/PathFactory
Event: 59.311 loading class org/gradle/plugins/ide/idea/model/PathFactory done


Dynamic libraries:
0x00007ff7bec20000 - 0x00007ff7bec51000 	C:\Program Files\Android\Android Studio\jre\bin\java.exe
0x00007ff8acfe0000 - 0x00007ff8ad1d0000 	C:\Windows\SYSTEM32\ntdll.dll
0x00007ff8ab130000 - 0x00007ff8ab1e2000 	C:\Windows\System32\KERNEL32.DLL
0x00007ff8aac20000 - 0x00007ff8aaec6000 	C:\Windows\System32\KERNELBASE.dll
0x00007ff8ab5d0000 - 0x00007ff8ab673000 	C:\Windows\System32\ADVAPI32.dll
0x00007ff8acd60000 - 0x00007ff8acdfe000 	C:\Windows\System32\msvcrt.dll
0x00007ff8ac5e0000 - 0x00007ff8ac677000 	C:\Windows\System32\sechost.dll
0x00007ff8acc40000 - 0x00007ff8acd5f000 	C:\Windows\System32\RPCRT4.dll
0x00007ff8ace00000 - 0x00007ff8acf94000 	C:\Windows\System32\USER32.dll
0x00007ff8aaa00000 - 0x00007ff8aaa21000 	C:\Windows\System32\win32u.dll
0x00007ff8ac3d0000 - 0x00007ff8ac3f6000 	C:\Windows\System32\GDI32.dll
0x00007ff8aaa80000 - 0x00007ff8aac18000 	C:\Windows\System32\gdi32full.dll
0x00007ff8aa960000 - 0x00007ff8aa9fe000 	C:\Windows\System32\msvcp_win.dll
0x00007ff8aaf90000 - 0x00007ff8ab08a000 	C:\Windows\System32\ucrtbase.dll
0x00007ff892c00000 - 0x00007ff892e84000 	C:\Windows\WinSxS\amd64_microsoft.windows.common-controls_6595b64144ccf1df_6.0.18362.1679_none_9e7ff347e45cc1b7\COMCTL32.dll
0x00007ff8ac6f0000 - 0x00007ff8aca26000 	C:\Windows\System32\combase.dll
0x00007ff8aaed0000 - 0x00007ff8aaf54000 	C:\Windows\System32\bcryptPrimitives.dll
0x00007ff8abcb0000 - 0x00007ff8abcde000 	C:\Windows\System32\IMM32.DLL
0x00000000556e0000 - 0x00000000557b2000 	C:\Program Files\Android\Android Studio\jre\jre\bin\msvcr100.dll
0x0000000053630000 - 0x0000000053e7b000 	C:\Program Files\Android\Android Studio\jre\jre\bin\server\jvm.dll
0x00007ff8aca30000 - 0x00007ff8aca38000 	C:\Windows\System32\PSAPI.DLL
0x00007ff8a8a40000 - 0x00007ff8a8a49000 	C:\Windows\SYSTEM32\WSOCK32.dll
0x00007ff8ac680000 - 0x00007ff8ac6ef000 	C:\Windows\System32\WS2_32.dll
0x00007ff8a1a80000 - 0x00007ff8a1aa4000 	C:\Windows\SYSTEM32\WINMM.dll
0x00007ff8a5180000 - 0x00007ff8a518a000 	C:\Windows\SYSTEM32\VERSION.dll
0x00007ff8a1a50000 - 0x00007ff8a1a7d000 	C:\Windows\SYSTEM32\WINMMBASE.dll
0x00007ff8aaa30000 - 0x00007ff8aaa7a000 	C:\Windows\System32\cfgmgr32.dll
0x00007ff8a5780000 - 0x00007ff8a578f000 	C:\Program Files\Android\Android Studio\jre\jre\bin\verify.dll
0x00007ff89f3a0000 - 0x00007ff89f3c9000 	C:\Program Files\Android\Android Studio\jre\jre\bin\java.dll
0x00007ff89f380000 - 0x00007ff89f396000 	C:\Program Files\Android\Android Studio\jre\jre\bin\zip.dll
0x00007ff8abce0000 - 0x00007ff8ac3c7000 	C:\Windows\System32\SHELL32.dll
0x00007ff8ab1f0000 - 0x00007ff8ab299000 	C:\Windows\System32\shcore.dll
0x00007ff8a9f70000 - 0x00007ff8aa6eb000 	C:\Windows\System32\windows.storage.dll
0x00007ff8a9ef0000 - 0x00007ff8a9f0e000 	C:\Windows\System32\profapi.dll
0x00007ff8a9ea0000 - 0x00007ff8a9eea000 	C:\Windows\System32\powrprof.dll
0x00007ff8a9e90000 - 0x00007ff8a9ea0000 	C:\Windows\System32\UMPDC.dll
0x00007ff8abc40000 - 0x00007ff8abc92000 	C:\Windows\System32\shlwapi.dll
0x00007ff8a9f30000 - 0x00007ff8a9f41000 	C:\Windows\System32\kernel.appcore.dll
0x00007ff8a9f50000 - 0x00007ff8a9f67000 	C:\Windows\System32\cryptsp.dll
0x00007ff89e760000 - 0x00007ff89e77a000 	C:\Program Files\Android\Android Studio\jre\jre\bin\net.dll
0x00007ff8a96d0000 - 0x00007ff8a9737000 	C:\Windows\system32\mswsock.dll
0x00007ff89e5a0000 - 0x00007ff89e5b3000 	C:\Program Files\Android\Android Studio\jre\jre\bin\nio.dll
0x00007ff88b180000 - 0x00007ff88b1a7000 	C:\Users\peter\.gradle\wrapper\dists\gradle-5.6.2-all\native\f6784746aeab05261644944871eae4fe03e0ef1612fff0a4a95f87b438bc6780\windows-amd64\native-platform.dll
0x00007ff8a5450000 - 0x00007ff8a545d000 	C:\Program Files\Android\Android Studio\jre\jre\bin\management.dll
0x00007ff8a9250000 - 0x00007ff8a9283000 	C:\Windows\system32\rsaenh.dll
0x00007ff8aaf60000 - 0x00007ff8aaf86000 	C:\Windows\System32\bcrypt.dll
0x00007ff8a9db0000 - 0x00007ff8a9dd5000 	C:\Windows\SYSTEM32\USERENV.dll
0x00007ff8a98a0000 - 0x00007ff8a98ac000 	C:\Windows\SYSTEM32\CRYPTBASE.dll
0x00007ff8a93e0000 - 0x00007ff8a941a000 	C:\Windows\SYSTEM32\IPHLPAPI.DLL
0x00007ff8abca0000 - 0x00007ff8abca8000 	C:\Windows\System32\NSI.dll
0x00007ff8a4570000 - 0x00007ff8a4586000 	C:\Windows\SYSTEM32\dhcpcsvc6.DLL
0x00007ff8a4530000 - 0x00007ff8a454c000 	C:\Windows\SYSTEM32\dhcpcsvc.DLL
0x00007ff8a9430000 - 0x00007ff8a94fa000 	C:\Windows\SYSTEM32\DNSAPI.dll
0x00007ff8a4c70000 - 0x00007ff8a4c7b000 	C:\Windows\SYSTEM32\WINNSI.DLL

VM Arguments:
jvm_args: -Xmx1024m -Dfile.encoding=UTF-8 -Duser.country=US -Duser.language=en -Duser.variant 
java_command: org.gradle.launcher.daemon.bootstrap.GradleDaemon 6.5
java_class_path (initial): C:\Users\peter\.gradle\wrapper\dists\gradle-5.6.2-all\wrapper\dists\gradle-6.5-all\2oz4ud9k3tuxjg84bbf55q0tn\gradle-6.5\lib\gradle-launcher-6.5.jar
Launcher Type: SUN_STANDARD

Environment Variables:
JAVA_HOME=C:\Program Files\Java\jdk-15.0.2
PATH=C:\Program Files\Java\jdk-15.0.2\bin;C:\Program Files\Common Files\Oracle\Java\javapath;C:\Program Files\Microsoft MPI\Bin\;C:\Windows\system32;C:\Windows;C:\Windows\System32\Wbem;C:\Windows\System32\WindowsPowerShell\v1.0\;C:\Windows\System32\OpenSSH\;C:\Program Files\dotnet\;C:\Program Files\Microsoft SQL Server\130\Tools\Binn\;C:\Program Files\Microsoft SQL Server\Client SDK\ODBC\170\Tools\Binn\;C:\Program Files (x86)\Microsoft SQL Server\150\Tools\Binn\;C:\Program Files\Microsoft SQL Server\150\Tools\Binn\;C:\Program Files\Microsoft SQL Server\150\DTS\Binn\;C:\Program Files (x86)\dotnet\;C:\ProgramData\chocolatey\bin;C:\Program Files\Git\cmd;C:\Users\peter\AppData\Local\Microsoft\WindowsApps;C:\Users\peter\.dotnet\tools;C:\src\flutter\bin;C:\tools\dart-sdk\bin;C:\Users\peter\AppData\Roaming\Pub\Cache\bin
USERNAME=Fabio
OS=Windows_NT
PROCESSOR_IDENTIFIER=Intel64 Family 6 Model 61 Stepping 4, GenuineIntel



---------------  S Y S T E M  ---------------

OS: Windows 10.0 , 64 bit Build 18362 (10.0.18362.1645)

CPU:total 4 (initial active 4) (2 cores per cpu, 2 threads per core) family 6 model 61 stepping 4, cmov, cx8, fxsr, mmx, sse, sse2, sse3, ssse3, sse4.1, sse4.2, popcnt, avx, avx2, aes, clmul, erms, 3dnowpref, lzcnt, ht, tsc, tscinvbit, bmi1, bmi2, adx

Memory: 4k page, physical 8284296k(425308k free), swap 16672904k(5168k free)

vm_info: OpenJDK 64-Bit Server VM (25.242-b01) for windows-amd64 JRE (1.8.0_242-release-1644-b01), built by "builder" with MS VC++ 10.0 (VS2010)

time: Thu Jul 22 22:40:21 2021
timezone: SE Asia Standard Time
elapsed time: 59 seconds (0d 0h 0m 59s)

